Using pre-set license
Built from '2022.3/release' branch; Version is '2022.3.12f1 (4fe6e059c7ef) revision 5236448'; Using compiler version '192829333'; Build Type 'Release'
OS: 'Windows 11  (10.0.22621) 64bit Core' Language: 'ca' Physical Memory: 16236 MB
BatchMode: 1, IsHumanControllingUs: 0, StartBugReporterOnCrash: 0, Is64bit: 1, IsPro: 1

COMMAND LINE ARGUMENTS:
C:\Program Files\Unity\Hub\Editor\2022.3.12f1\Editor\Unity.exe
-adb2
-batchMode
-noUpm
-name
AssetImportWorker0
-projectPath
C:/Users/Usuario/Documents/CITM/Projects/Unity/Animacio3D/CITM_FIGHTERS_TEMPLATE
-logFile
Logs/AssetImportWorker0.log
-srvPort
60556
Successfully changed project path to: C:/Users/Usuario/Documents/CITM/Projects/Unity/Animacio3D/CITM_FIGHTERS_TEMPLATE
C:/Users/Usuario/Documents/CITM/Projects/Unity/Animacio3D/CITM_FIGHTERS_TEMPLATE
[UnityMemory] Configuration Parameters - Can be set up in boot.config
    "memorysetup-bucket-allocator-granularity=16"
    "memorysetup-bucket-allocator-bucket-count=8"
    "memorysetup-bucket-allocator-block-size=33554432"
    "memorysetup-bucket-allocator-block-count=8"
    "memorysetup-main-allocator-block-size=16777216"
    "memorysetup-thread-allocator-block-size=16777216"
    "memorysetup-gfx-main-allocator-block-size=16777216"
    "memorysetup-gfx-thread-allocator-block-size=16777216"
    "memorysetup-cache-allocator-block-size=4194304"
    "memorysetup-typetree-allocator-block-size=2097152"
    "memorysetup-profiler-bucket-allocator-granularity=16"
    "memorysetup-profiler-bucket-allocator-bucket-count=8"
    "memorysetup-profiler-bucket-allocator-block-size=33554432"
    "memorysetup-profiler-bucket-allocator-block-count=8"
    "memorysetup-profiler-allocator-block-size=16777216"
    "memorysetup-profiler-editor-allocator-block-size=1048576"
    "memorysetup-temp-allocator-size-main=16777216"
    "memorysetup-job-temp-allocator-block-size=2097152"
    "memorysetup-job-temp-allocator-block-size-background=1048576"
    "memorysetup-job-temp-allocator-reduction-small-platforms=262144"
    "memorysetup-allocator-temp-initial-block-size-main=262144"
    "memorysetup-allocator-temp-initial-block-size-worker=262144"
    "memorysetup-temp-allocator-size-background-worker=32768"
    "memorysetup-temp-allocator-size-job-worker=262144"
    "memorysetup-temp-allocator-size-preload-manager=33554432"
    "memorysetup-temp-allocator-size-nav-mesh-worker=65536"
    "memorysetup-temp-allocator-size-audio-worker=65536"
    "memorysetup-temp-allocator-size-cloud-worker=32768"
    "memorysetup-temp-allocator-size-gi-baking-worker=262144"
    "memorysetup-temp-allocator-size-gfx=262144"
Player connection [21416] Host "[IP] 192.168.1.96 [Port] 0 [Flags] 2 [Guid] 3158583597 [EditorId] 3158583597 [Version] 1048832 [Id] WindowsEditor(7,LAPTOP-NLUBGJGV) [Debug] 1 [PackageName] WindowsEditor [ProjectName] Editor" joined multi-casting on [225.0.0.222:54997]...

Player connection [21416] Host "[IP] 192.168.1.96 [Port] 0 [Flags] 2 [Guid] 3158583597 [EditorId] 3158583597 [Version] 1048832 [Id] WindowsEditor(7,LAPTOP-NLUBGJGV) [Debug] 1 [PackageName] WindowsEditor [ProjectName] Editor" joined alternative multi-casting on [225.0.0.222:34997]...

[Physics::Module] Initialized MultithreadedJobDispatcher with 15 workers.
Refreshing native plugins compatible for Editor in 8.76 ms, found 2 plugins.
Preloading 0 native plugins for Editor in 0.00 ms.
Initialize engine version: 2022.3.12f1 (4fe6e059c7ef)
[Subsystems] Discovering subsystems at path C:/Program Files/Unity/Hub/Editor/2022.3.12f1/Editor/Data/Resources/UnitySubsystems
[Subsystems] Discovering subsystems at path C:/Users/Usuario/Documents/CITM/Projects/Unity/Animacio3D/CITM_FIGHTERS_TEMPLATE/Assets
GfxDevice: creating device client; threaded=0; jobified=0
Direct3D:
    Version:  Direct3D 11.0 [level 11.1]
    Renderer: NVIDIA GeForce RTX 3060 Laptop GPU (ID=0x2560)
    Vendor:   NVIDIA
    VRAM:     6010 MB
    Driver:   31.0.15.4633
Initialize mono
Mono path[0] = 'C:/Program Files/Unity/Hub/Editor/2022.3.12f1/Editor/Data/Managed'
Mono path[1] = 'C:/Program Files/Unity/Hub/Editor/2022.3.12f1/Editor/Data/MonoBleedingEdge/lib/mono/unityjit-win32'
Mono config path = 'C:/Program Files/Unity/Hub/Editor/2022.3.12f1/Editor/Data/MonoBleedingEdge/etc'
Using monoOptions --debugger-agent=transport=dt_socket,embedding=1,server=y,suspend=n,address=127.0.0.1:56788
Begin MonoManager ReloadAssembly
Registering precompiled unity dll's ...
Register platform support module: C:/Program Files/Unity/Hub/Editor/2022.3.12f1/Editor/Data/PlaybackEngines/WindowsStandaloneSupport/UnityEditor.WindowsStandalone.Extensions.dll
Registered in 0.012676 seconds.
- Loaded All Assemblies, in  0.479 seconds
Native extension for WindowsStandalone target not found
Mono: successfully reloaded assembly
- Finished resetting the current domain, in  0.281 seconds
Domain Reload Profiling: 758ms
	BeginReloadAssembly (165ms)
		ExecutionOrderSort (0ms)
		DisableScriptedObjects (0ms)
		BackupInstance (0ms)
		ReleaseScriptingObjects (0ms)
		CreateAndSetChildDomain (1ms)
	RebuildCommonClasses (38ms)
	RebuildNativeTypeToScriptingClass (14ms)
	initialDomainReloadingComplete (75ms)
	LoadAllAssembliesAndSetupDomain (184ms)
		LoadAssemblies (163ms)
		RebuildTransferFunctionScriptingTraits (0ms)
		AnalyzeDomain (181ms)
			TypeCache.Refresh (180ms)
				TypeCache.ScanAssembly (162ms)
			ScanForSourceGeneratedMonoScriptInfo (1ms)
			ResolveRequiredComponents (1ms)
	FinalizeReload (281ms)
		ReleaseScriptCaches (0ms)
		RebuildScriptCaches (0ms)
		SetupLoadedEditorAssemblies (212ms)
			LogAssemblyErrors (0ms)
			InitializePlatformSupportModulesInManaged (10ms)
			SetLoadedEditorAssemblies (8ms)
			RefreshPlugins (0ms)
			BeforeProcessingInitializeOnLoad (2ms)
			ProcessInitializeOnLoadAttributes (136ms)
			ProcessInitializeOnLoadMethodAttributes (57ms)
			AfterProcessingInitializeOnLoad (0ms)
			EditorAssembliesLoaded (0ms)
		ExecutionOrderSort2 (0ms)
		AwakeInstancesAfterBackupRestoration (0ms)
========================================================================
Worker process is ready to serve import requests
Begin MonoManager ReloadAssembly
Symbol file data-0000019E052E8F40 doesn't match image C:\Users\Usuario\Documents\CITM\Projects\Unity\Animacio3D\CITM_FIGHTERS_TEMPLATE\Library\ScriptAssemblies\Unity.Timeline.dll
Symbol file LoadedFromMemory is not a mono symbol file
Symbol file data-0000019E04830080 doesn't match image C:\Users\Usuario\Documents\CITM\Projects\Unity\Animacio3D\CITM_FIGHTERS_TEMPLATE\Library\ScriptAssemblies\Unity.InputSystem.dll
Symbol file LoadedFromMemory is not a mono symbol file
Symbol file data-0000019E052B5020 doesn't match image C:\Users\Usuario\Documents\CITM\Projects\Unity\Animacio3D\CITM_FIGHTERS_TEMPLATE\Library\ScriptAssemblies\Unity.InputSystem.ForUI.dll
Symbol file LoadedFromMemory is not a mono symbol file
Symbol file data-0000019E052E8F40 doesn't match image C:\Users\Usuario\Documents\CITM\Projects\Unity\Animacio3D\CITM_FIGHTERS_TEMPLATE\Library\ScriptAssemblies\Unity.Postprocessing.Runtime.dll
Symbol file LoadedFromMemory is not a mono symbol file
Symbol file data-0000019E04A08010 doesn't match image C:\Users\Usuario\Documents\CITM\Projects\Unity\Animacio3D\CITM_FIGHTERS_TEMPLATE\Library\ScriptAssemblies\Unity.PlasticSCM.Editor.dll
Symbol file LoadedFromMemory is not a mono symbol file
Symbol file data-0000019E052E8F40 doesn't match image C:\Users\Usuario\Documents\CITM\Projects\Unity\Animacio3D\CITM_FIGHTERS_TEMPLATE\Library\ScriptAssemblies\Unity.AI.Navigation.dll
Symbol file LoadedFromMemory is not a mono symbol file
Symbol file data-0000019E052E8F40 doesn't match image C:\Users\Usuario\Documents\CITM\Projects\Unity\Animacio3D\CITM_FIGHTERS_TEMPLATE\Library\ScriptAssemblies\Unity.AI.Navigation.Updater.dll
Symbol file LoadedFromMemory is not a mono symbol file
Symbol file data-0000019DE2FC5A00 doesn't match image C:\Users\Usuario\Documents\CITM\Projects\Unity\Animacio3D\CITM_FIGHTERS_TEMPLATE\Library\ScriptAssemblies\Unity.Postprocessing.Editor.dll
Symbol file LoadedFromMemory is not a mono symbol file
Symbol file data-0000019E04A08010 doesn't match image C:\Users\Usuario\Documents\CITM\Projects\Unity\Animacio3D\CITM_FIGHTERS_TEMPLATE\Library\ScriptAssemblies\Unity.Timeline.Editor.dll
Symbol file LoadedFromMemory is not a mono symbol file
Symbol file data-0000019DE2FC5A00 doesn't match image C:\Users\Usuario\Documents\CITM\Projects\Unity\Animacio3D\CITM_FIGHTERS_TEMPLATE\Library\ScriptAssemblies\UnityEngine.TestRunner.dll
Symbol file LoadedFromMemory is not a mono symbol file
Symbol file data-0000019E0528BC30 doesn't match image C:\Users\Usuario\Documents\CITM\Projects\Unity\Animacio3D\CITM_FIGHTERS_TEMPLATE\Library\ScriptAssemblies\Unity.CollabProxy.Editor.dll
Symbol file LoadedFromMemory is not a mono symbol file
Symbol file data-0000019DE2FC5A00 doesn't match image C:\Users\Usuario\Documents\CITM\Projects\Unity\Animacio3D\CITM_FIGHTERS_TEMPLATE\Library\ScriptAssemblies\Unity.VisualStudio.Editor.dll
Symbol file LoadedFromMemory is not a mono symbol file
Symbol file data-0000019E04A2A220 doesn't match image C:\Users\Usuario\Documents\CITM\Projects\Unity\Animacio3D\CITM_FIGHTERS_TEMPLATE\Library\ScriptAssemblies\Unity.TextMeshPro.dll
Symbol file LoadedFromMemory is not a mono symbol file
Symbol file data-0000019E0528BC30 doesn't match image C:\Users\Usuario\Documents\CITM\Projects\Unity\Animacio3D\CITM_FIGHTERS_TEMPLATE\Library\ScriptAssemblies\UnityEditor.UI.dll
Symbol file LoadedFromMemory is not a mono symbol file
Symbol file data-0000019E052E8F40 doesn't match image C:\Users\Usuario\Documents\CITM\Projects\Unity\Animacio3D\CITM_FIGHTERS_TEMPLATE\Library\ScriptAssemblies\Unity.TextMeshPro.Editor.dll
Symbol file LoadedFromMemory is not a mono symbol file
Symbol file data-0000019E04BCBFF0 doesn't match image C:\Users\Usuario\Documents\CITM\Projects\Unity\Animacio3D\CITM_FIGHTERS_TEMPLATE\Library\ScriptAssemblies\UnityEngine.UI.dll
Symbol file LoadedFromMemory is not a mono symbol file
Symbol file data-0000019DE2FC5A00 doesn't match image C:\Users\Usuario\Documents\CITM\Projects\Unity\Animacio3D\CITM_FIGHTERS_TEMPLATE\Library\ScriptAssemblies\Unity.AI.Navigation.Editor.dll
Symbol file LoadedFromMemory is not a mono symbol file
Symbol file data-0000019DE2FC5A00 doesn't match image C:\Users\Usuario\Documents\CITM\Projects\Unity\Animacio3D\CITM_FIGHTERS_TEMPLATE\Library\ScriptAssemblies\Unity.Rider.Editor.dll
Symbol file LoadedFromMemory is not a mono symbol file
Symbol file data-0000019DE2FCBA10 doesn't match image C:\Users\Usuario\Documents\CITM\Projects\Unity\Animacio3D\CITM_FIGHTERS_TEMPLATE\Library\ScriptAssemblies\Unity.AI.Navigation.Editor.ConversionSystem.dll
Symbol file LoadedFromMemory is not a mono symbol file
Symbol file data-0000019DE2FCBA10 doesn't match image C:\Users\Usuario\Documents\CITM\Projects\Unity\Animacio3D\CITM_FIGHTERS_TEMPLATE\Library\ScriptAssemblies\Unity.VSCode.Editor.dll
Symbol file LoadedFromMemory is not a mono symbol file
Symbol file data-0000019E04BD7E00 doesn't match image C:\Users\Usuario\Documents\CITM\Projects\Unity\Animacio3D\CITM_FIGHTERS_TEMPLATE\Library\ScriptAssemblies\UnityEditor.TestRunner.dll
Symbol file LoadedFromMemory is not a mono symbol file
- Loaded All Assemblies, in  0.576 seconds
Refreshing native plugins compatible for Editor in 2.84 ms, found 2 plugins.
Native extension for WindowsStandalone target not found
Package Manager log level set to [2]
[Package Manager] Server::EnsureServerProcessIsRunning -- launch failed, reason: Unity was launched with the -noUpm command-line argument
[Package Manager] UpmClient::Send -- Unable to send message (not connected to UPM process).
[Package Manager] Cannot connect to Unity Package Manager local server
Mono: successfully reloaded assembly
- Finished resetting the current domain, in  0.583 seconds
Domain Reload Profiling: 1156ms
	BeginReloadAssembly (158ms)
		ExecutionOrderSort (0ms)
		DisableScriptedObjects (5ms)
		BackupInstance (0ms)
		ReleaseScriptingObjects (0ms)
		CreateAndSetChildDomain (23ms)
	RebuildCommonClasses (35ms)
	RebuildNativeTypeToScriptingClass (15ms)
	initialDomainReloadingComplete (44ms)
	LoadAllAssembliesAndSetupDomain (320ms)
		LoadAssemblies (301ms)
		RebuildTransferFunctionScriptingTraits (0ms)
		AnalyzeDomain (114ms)
			TypeCache.Refresh (98ms)
				TypeCache.ScanAssembly (81ms)
			ScanForSourceGeneratedMonoScriptInfo (13ms)
			ResolveRequiredComponents (2ms)
	FinalizeReload (583ms)
		ReleaseScriptCaches (0ms)
		RebuildScriptCaches (0ms)
		SetupLoadedEditorAssemblies (446ms)
			LogAssemblyErrors (0ms)
			InitializePlatformSupportModulesInManaged (6ms)
			SetLoadedEditorAssemblies (3ms)
			RefreshPlugins (0ms)
			BeforeProcessingInitializeOnLoad (58ms)
			ProcessInitializeOnLoadAttributes (344ms)
			ProcessInitializeOnLoadMethodAttributes (24ms)
			AfterProcessingInitializeOnLoad (10ms)
			EditorAssembliesLoaded (0ms)
		ExecutionOrderSort2 (0ms)
		AwakeInstancesAfterBackupRestoration (8ms)
Launched and connected shader compiler UnityShaderCompiler.exe after 0.07 seconds
Refreshing native plugins compatible for Editor in 2.88 ms, found 2 plugins.
Preloading 0 native plugins for Editor in 0.00 ms.
Unloading 1923 Unused Serialized files (Serialized files now loaded: 0)
Unloading 41 unused Assets / (1.3 MB). Loaded Objects now: 2397.
Memory consumption went from 116.0 MB to 114.7 MB.
Total: 5.923100 ms (FindLiveObjects: 0.220500 ms CreateObjectMapping: 0.053700 ms MarkObjects: 5.166300 ms  DeleteObjects: 0.479700 ms)

AssetImportParameters requested are different than current active one (requested -> active):
  custom:video-decoder-webm-vp8: 9c59270c3fd7afecdb556c50c9e8de78 -> 
  custom:SearchIndexIgnoredProperties: e643bd26f0fe6173181afceb89e7c659 -> 
  custom:container-demuxer-ogg: 62fdf1f143b41e24485cea50d1cbac27 -> 
  custom:AudioImporter_EditorPlatform: d09bf68614088b80899f8185d706f6e7 -> 
  custom:video-codec-MediaFoundation-h265: 746d11721c4dcdbdad8f713fa42b33f4 -> 
  custom:video-decoder-ogg-theora: a1e56fd34408186e4bbccfd4996cb3dc -> 
  custom:framework-win-MediaFoundation: 216162199b28c13a410421893ffa2e32 -> 
  custom:video-encoder-webm-vp8: eb34c28f22e8b96e1ab97ce403110664 -> 
  custom:audio-decoder-ogg-vorbis: bf7c407c2cedff20999df2af8eb42d56 -> 
  custom:CustomObjectIndexerAttribute: 756ad292c208cfabdd7b50bc23989ffe -> 
  custom:container-demuxer-webm: 4f35f7cbe854078d1ac9338744f61a02 -> 
  custom:audio-encoder-webm-vorbis: bf7c407c2cedff20999df2af8eb42d56 -> 
  custom:container-muxer-webm: aa71ff27fc2769a1b78a27578f13a17b -> 
========================================================================
Received Import Request.
  Time since last request: 198037.060914 seconds.
  path: Assets/Kachujin G Rosales.fbx
  artifactKey: Guid(ae2a53ded74d0054087714bbdb14a863) Importer(815301076,1909f56bfc062723c751e8b465ee728b)
Start importing Assets/Kachujin G Rosales.fbx using Guid(ae2a53ded74d0054087714bbdb14a863) Importer(815301076,1909f56bfc062723c751e8b465ee728b)  -> (artifact id: '1c99b387bd1bc53e8f3bc6c785535bcc') in 0.241072 seconds
Number of updated asset objects reloaded before import = 0
Number of asset objects unloaded after import = 164
========================================================================
Received Prepare
Begin MonoManager ReloadAssembly
Symbol file data-0000019E04CDBE20 doesn't match image C:\Users\Usuario\Documents\CITM\Projects\Unity\Animacio3D\CITM_FIGHTERS_TEMPLATE\Library\ScriptAssemblies\Unity.Timeline.dll
Symbol file LoadedFromMemory is not a mono symbol file
Symbol file data-0000019E04830080 doesn't match image C:\Users\Usuario\Documents\CITM\Projects\Unity\Animacio3D\CITM_FIGHTERS_TEMPLATE\Library\ScriptAssemblies\Unity.InputSystem.dll
Symbol file LoadedFromMemory is not a mono symbol file
Symbol file data-0000019E0E737C40 doesn't match image C:\Users\Usuario\Documents\CITM\Projects\Unity\Animacio3D\CITM_FIGHTERS_TEMPLATE\Library\ScriptAssemblies\Unity.InputSystem.ForUI.dll
Symbol file LoadedFromMemory is not a mono symbol file
Symbol file data-0000019DE2C4EA50 doesn't match image C:\Users\Usuario\Documents\CITM\Projects\Unity\Animacio3D\CITM_FIGHTERS_TEMPLATE\Library\ScriptAssemblies\Unity.Postprocessing.Runtime.dll
Symbol file LoadedFromMemory is not a mono symbol file
Symbol file data-0000019E0647EE10 doesn't match image C:\Users\Usuario\Documents\CITM\Projects\Unity\Animacio3D\CITM_FIGHTERS_TEMPLATE\Library\ScriptAssemblies\Unity.PlasticSCM.Editor.dll
Symbol file LoadedFromMemory is not a mono symbol file
Symbol file data-0000019DE2C54260 doesn't match image C:\Users\Usuario\Documents\CITM\Projects\Unity\Animacio3D\CITM_FIGHTERS_TEMPLATE\Library\ScriptAssemblies\Unity.AI.Navigation.dll
Symbol file LoadedFromMemory is not a mono symbol file
Symbol file data-0000019E0E737C40 doesn't match image C:\Users\Usuario\Documents\CITM\Projects\Unity\Animacio3D\CITM_FIGHTERS_TEMPLATE\Library\ScriptAssemblies\Unity.AI.Navigation.Updater.dll
Symbol file LoadedFromMemory is not a mono symbol file
Symbol file data-0000019DE2C54260 doesn't match image C:\Users\Usuario\Documents\CITM\Projects\Unity\Animacio3D\CITM_FIGHTERS_TEMPLATE\Library\ScriptAssemblies\Unity.Postprocessing.Editor.dll
Symbol file LoadedFromMemory is not a mono symbol file
Symbol file data-0000019E067EB010 doesn't match image C:\Users\Usuario\Documents\CITM\Projects\Unity\Animacio3D\CITM_FIGHTERS_TEMPLATE\Library\ScriptAssemblies\Unity.Timeline.Editor.dll
Symbol file LoadedFromMemory is not a mono symbol file
Symbol file data-0000019E052ED140 doesn't match image C:\Users\Usuario\Documents\CITM\Projects\Unity\Animacio3D\CITM_FIGHTERS_TEMPLATE\Library\ScriptAssemblies\UnityEngine.TestRunner.dll
Symbol file LoadedFromMemory is not a mono symbol file
Symbol file data-0000019DE3332A30 doesn't match image C:\Users\Usuario\Documents\CITM\Projects\Unity\Animacio3D\CITM_FIGHTERS_TEMPLATE\Library\ScriptAssemblies\Unity.CollabProxy.Editor.dll
Symbol file LoadedFromMemory is not a mono symbol file
Symbol file data-0000019E052ED140 doesn't match image C:\Users\Usuario\Documents\CITM\Projects\Unity\Animacio3D\CITM_FIGHTERS_TEMPLATE\Library\ScriptAssemblies\Unity.VisualStudio.Editor.dll
Symbol file LoadedFromMemory is not a mono symbol file
Symbol file data-0000019E04D50020 doesn't match image C:\Users\Usuario\Documents\CITM\Projects\Unity\Animacio3D\CITM_FIGHTERS_TEMPLATE\Library\ScriptAssemblies\Unity.TextMeshPro.dll
Symbol file LoadedFromMemory is not a mono symbol file
Symbol file data-0000019DE2C54260 doesn't match image C:\Users\Usuario\Documents\CITM\Projects\Unity\Animacio3D\CITM_FIGHTERS_TEMPLATE\Library\ScriptAssemblies\UnityEditor.UI.dll
Symbol file LoadedFromMemory is not a mono symbol file
Symbol file data-0000019E06609010 doesn't match image C:\Users\Usuario\Documents\CITM\Projects\Unity\Animacio3D\CITM_FIGHTERS_TEMPLATE\Library\ScriptAssemblies\Unity.TextMeshPro.Editor.dll
Symbol file LoadedFromMemory is not a mono symbol file
Symbol file data-0000019E06787140 doesn't match image C:\Users\Usuario\Documents\CITM\Projects\Unity\Animacio3D\CITM_FIGHTERS_TEMPLATE\Library\ScriptAssemblies\UnityEngine.UI.dll
Symbol file LoadedFromMemory is not a mono symbol file
Symbol file data-0000019E04D88A30 doesn't match image C:\Users\Usuario\Documents\CITM\Projects\Unity\Animacio3D\CITM_FIGHTERS_TEMPLATE\Library\ScriptAssemblies\Unity.AI.Navigation.Editor.dll
Symbol file LoadedFromMemory is not a mono symbol file
Symbol file data-0000019DE2C54260 doesn't match image C:\Users\Usuario\Documents\CITM\Projects\Unity\Animacio3D\CITM_FIGHTERS_TEMPLATE\Library\ScriptAssemblies\Unity.Rider.Editor.dll
Symbol file LoadedFromMemory is not a mono symbol file
Symbol file data-0000019DE2C54260 doesn't match image C:\Users\Usuario\Documents\CITM\Projects\Unity\Animacio3D\CITM_FIGHTERS_TEMPLATE\Library\ScriptAssemblies\Unity.AI.Navigation.Editor.ConversionSystem.dll
Symbol file LoadedFromMemory is not a mono symbol file
Symbol file data-0000019DE2C54260 doesn't match image C:\Users\Usuario\Documents\CITM\Projects\Unity\Animacio3D\CITM_FIGHTERS_TEMPLATE\Library\ScriptAssemblies\Unity.VSCode.Editor.dll
Symbol file LoadedFromMemory is not a mono symbol file
Symbol file data-0000019E06609010 doesn't match image C:\Users\Usuario\Documents\CITM\Projects\Unity\Animacio3D\CITM_FIGHTERS_TEMPLATE\Library\ScriptAssemblies\UnityEditor.TestRunner.dll
Symbol file LoadedFromMemory is not a mono symbol file
- Loaded All Assemblies, in  0.450 seconds
Refreshing native plugins compatible for Editor in 3.49 ms, found 2 plugins.
Native extension for WindowsStandalone target not found
[Package Manager] Server::EnsureServerProcessIsRunning -- launch failed, reason: Unity was launched with the -noUpm command-line argument
[Package Manager] UpmClient::Send -- Unable to send message (not connected to UPM process).
[Package Manager] Cannot connect to Unity Package Manager local server
Mono: successfully reloaded assembly
- Finished resetting the current domain, in  0.826 seconds
Domain Reload Profiling: 1273ms
	BeginReloadAssembly (172ms)
		ExecutionOrderSort (0ms)
		DisableScriptedObjects (4ms)
		BackupInstance (0ms)
		ReleaseScriptingObjects (0ms)
		CreateAndSetChildDomain (38ms)
	RebuildCommonClasses (45ms)
	RebuildNativeTypeToScriptingClass (9ms)
	initialDomainReloadingComplete (29ms)
	LoadAllAssembliesAndSetupDomain (191ms)
		LoadAssemblies (281ms)
		RebuildTransferFunctionScriptingTraits (0ms)
		AnalyzeDomain (7ms)
			TypeCache.Refresh (4ms)
				TypeCache.ScanAssembly (0ms)
			ScanForSourceGeneratedMonoScriptInfo (0ms)
			ResolveRequiredComponents (2ms)
	FinalizeReload (826ms)
		ReleaseScriptCaches (0ms)
		RebuildScriptCaches (0ms)
		SetupLoadedEditorAssemblies (447ms)
			LogAssemblyErrors (0ms)
			InitializePlatformSupportModulesInManaged (8ms)
			SetLoadedEditorAssemblies (5ms)
			RefreshPlugins (0ms)
			BeforeProcessingInitializeOnLoad (57ms)
			ProcessInitializeOnLoadAttributes (347ms)
			ProcessInitializeOnLoadMethodAttributes (22ms)
			AfterProcessingInitializeOnLoad (9ms)
			EditorAssembliesLoaded (0ms)
		ExecutionOrderSort2 (0ms)
		AwakeInstancesAfterBackupRestoration (8ms)
Refreshing native plugins compatible for Editor in 2.87 ms, found 2 plugins.
Preloading 0 native plugins for Editor in 0.00 ms.
Unloading 1889 Unused Serialized files (Serialized files now loaded: 0)
Unloading 29 unused Assets / (1.3 MB). Loaded Objects now: 2445.
Memory consumption went from 116.3 MB to 115.0 MB.
Total: 3.010900 ms (FindLiveObjects: 0.223700 ms CreateObjectMapping: 0.064400 ms MarkObjects: 2.405000 ms  DeleteObjects: 0.316400 ms)

Prepare: number of updated asset objects reloaded= 0
AssetImportParameters requested are different than current active one (requested -> active):
  custom:video-decoder-webm-vp8: 9c59270c3fd7afecdb556c50c9e8de78 -> 
  custom:SearchIndexIgnoredProperties: e643bd26f0fe6173181afceb89e7c659 -> 
  custom:container-demuxer-ogg: 62fdf1f143b41e24485cea50d1cbac27 -> 
  custom:AudioImporter_EditorPlatform: d09bf68614088b80899f8185d706f6e7 -> 
  custom:video-codec-MediaFoundation-h265: 746d11721c4dcdbdad8f713fa42b33f4 -> 
  custom:video-decoder-ogg-theora: a1e56fd34408186e4bbccfd4996cb3dc -> 
  custom:framework-win-MediaFoundation: 216162199b28c13a410421893ffa2e32 -> 
  custom:video-encoder-webm-vp8: eb34c28f22e8b96e1ab97ce403110664 -> 
  custom:audio-decoder-ogg-vorbis: bf7c407c2cedff20999df2af8eb42d56 -> 
  custom:CustomObjectIndexerAttribute: 756ad292c208cfabdd7b50bc23989ffe -> 
  custom:container-demuxer-webm: 4f35f7cbe854078d1ac9338744f61a02 -> 
  custom:audio-encoder-webm-vorbis: bf7c407c2cedff20999df2af8eb42d56 -> 
  custom:container-muxer-webm: aa71ff27fc2769a1b78a27578f13a17b -> 
========================================================================
Received Import Request.
  Time since last request: 60.253961 seconds.
  path: Assets/_prefabs/Fighter.prefab
  artifactKey: Guid(eae3b5221a559344e9de518fdd2925b5) Importer(815301076,1909f56bfc062723c751e8b465ee728b)
Start importing Assets/_prefabs/Fighter.prefab using Guid(eae3b5221a559344e9de518fdd2925b5) Importer(815301076,1909f56bfc062723c751e8b465ee728b)  -> (artifact id: '454fb6366a0442776bd7b3089c1c1ae9') in 0.104448 seconds
Number of updated asset objects reloaded before import = 0
Number of asset objects unloaded after import = 382
========================================================================
Received Prepare
Begin MonoManager ReloadAssembly
Symbol file data-0000019E0D6A5100 doesn't match image C:\Users\Usuario\Documents\CITM\Projects\Unity\Animacio3D\CITM_FIGHTERS_TEMPLATE\Library\ScriptAssemblies\Unity.Timeline.dll
Symbol file LoadedFromMemory is not a mono symbol file
Symbol file data-0000019E04830080 doesn't match image C:\Users\Usuario\Documents\CITM\Projects\Unity\Animacio3D\CITM_FIGHTERS_TEMPLATE\Library\ScriptAssemblies\Unity.InputSystem.dll
Symbol file LoadedFromMemory is not a mono symbol file
Symbol file data-0000019E0DC62810 doesn't match image C:\Users\Usuario\Documents\CITM\Projects\Unity\Animacio3D\CITM_FIGHTERS_TEMPLATE\Library\ScriptAssemblies\Unity.InputSystem.ForUI.dll
Symbol file LoadedFromMemory is not a mono symbol file
Symbol file data-0000019E0E016E50 doesn't match image C:\Users\Usuario\Documents\CITM\Projects\Unity\Animacio3D\CITM_FIGHTERS_TEMPLATE\Library\ScriptAssemblies\Unity.Postprocessing.Runtime.dll
Symbol file LoadedFromMemory is not a mono symbol file
Symbol file data-0000019E06697030 doesn't match image C:\Users\Usuario\Documents\CITM\Projects\Unity\Animacio3D\CITM_FIGHTERS_TEMPLATE\Library\ScriptAssemblies\Unity.PlasticSCM.Editor.dll
Symbol file LoadedFromMemory is not a mono symbol file
Symbol file data-0000019E05D31010 doesn't match image C:\Users\Usuario\Documents\CITM\Projects\Unity\Animacio3D\CITM_FIGHTERS_TEMPLATE\Library\ScriptAssemblies\Unity.AI.Navigation.dll
Symbol file LoadedFromMemory is not a mono symbol file
Symbol file data-0000019E0DF7D770 doesn't match image C:\Users\Usuario\Documents\CITM\Projects\Unity\Animacio3D\CITM_FIGHTERS_TEMPLATE\Library\ScriptAssemblies\Unity.AI.Navigation.Updater.dll
Symbol file LoadedFromMemory is not a mono symbol file
Symbol file data-0000019E71512030 doesn't match image C:\Users\Usuario\Documents\CITM\Projects\Unity\Animacio3D\CITM_FIGHTERS_TEMPLATE\Library\ScriptAssemblies\Unity.Postprocessing.Editor.dll
Symbol file LoadedFromMemory is not a mono symbol file
Symbol file data-0000019E0CEF1020 doesn't match image C:\Users\Usuario\Documents\CITM\Projects\Unity\Animacio3D\CITM_FIGHTERS_TEMPLATE\Library\ScriptAssemblies\Unity.Timeline.Editor.dll
Symbol file LoadedFromMemory is not a mono symbol file
Symbol file data-0000019E0E016E50 doesn't match image C:\Users\Usuario\Documents\CITM\Projects\Unity\Animacio3D\CITM_FIGHTERS_TEMPLATE\Library\ScriptAssemblies\UnityEngine.TestRunner.dll
Symbol file LoadedFromMemory is not a mono symbol file
Symbol file data-0000019E0DF7D770 doesn't match image C:\Users\Usuario\Documents\CITM\Projects\Unity\Animacio3D\CITM_FIGHTERS_TEMPLATE\Library\ScriptAssemblies\Unity.CollabProxy.Editor.dll
Symbol file LoadedFromMemory is not a mono symbol file
Symbol file data-0000019E0D12B010 doesn't match image C:\Users\Usuario\Documents\CITM\Projects\Unity\Animacio3D\CITM_FIGHTERS_TEMPLATE\Library\ScriptAssemblies\Unity.VisualStudio.Editor.dll
Symbol file LoadedFromMemory is not a mono symbol file
Symbol file data-0000019E04C74010 doesn't match image C:\Users\Usuario\Documents\CITM\Projects\Unity\Animacio3D\CITM_FIGHTERS_TEMPLATE\Library\ScriptAssemblies\Unity.TextMeshPro.dll
Symbol file LoadedFromMemory is not a mono symbol file
Symbol file data-0000019E71512030 doesn't match image C:\Users\Usuario\Documents\CITM\Projects\Unity\Animacio3D\CITM_FIGHTERS_TEMPLATE\Library\ScriptAssemblies\UnityEditor.UI.dll
Symbol file LoadedFromMemory is not a mono symbol file
Symbol file data-0000019E0D863680 doesn't match image C:\Users\Usuario\Documents\CITM\Projects\Unity\Animacio3D\CITM_FIGHTERS_TEMPLATE\Library\ScriptAssemblies\Unity.TextMeshPro.Editor.dll
Symbol file LoadedFromMemory is not a mono symbol file
Symbol file data-0000019DE2C71010 doesn't match image C:\Users\Usuario\Documents\CITM\Projects\Unity\Animacio3D\CITM_FIGHTERS_TEMPLATE\Library\ScriptAssemblies\UnityEngine.UI.dll
Symbol file LoadedFromMemory is not a mono symbol file
Symbol file data-0000019E061B68F0 doesn't match image C:\Users\Usuario\Documents\CITM\Projects\Unity\Animacio3D\CITM_FIGHTERS_TEMPLATE\Library\ScriptAssemblies\Unity.AI.Navigation.Editor.dll
Symbol file LoadedFromMemory is not a mono symbol file
Symbol file data-0000019E0E3096E0 doesn't match image C:\Users\Usuario\Documents\CITM\Projects\Unity\Animacio3D\CITM_FIGHTERS_TEMPLATE\Library\ScriptAssemblies\Unity.Rider.Editor.dll
Symbol file LoadedFromMemory is not a mono symbol file
Symbol file data-0000019E05D31010 doesn't match image C:\Users\Usuario\Documents\CITM\Projects\Unity\Animacio3D\CITM_FIGHTERS_TEMPLATE\Library\ScriptAssemblies\Unity.AI.Navigation.Editor.ConversionSystem.dll
Symbol file LoadedFromMemory is not a mono symbol file
Symbol file data-0000019E05199410 doesn't match image C:\Users\Usuario\Documents\CITM\Projects\Unity\Animacio3D\CITM_FIGHTERS_TEMPLATE\Library\ScriptAssemblies\Unity.VSCode.Editor.dll
Symbol file LoadedFromMemory is not a mono symbol file
Symbol file data-0000019DE2C27020 doesn't match image C:\Users\Usuario\Documents\CITM\Projects\Unity\Animacio3D\CITM_FIGHTERS_TEMPLATE\Library\ScriptAssemblies\UnityEditor.TestRunner.dll
Symbol file LoadedFromMemory is not a mono symbol file
- Loaded All Assemblies, in  0.367 seconds
Refreshing native plugins compatible for Editor in 3.22 ms, found 2 plugins.
Native extension for WindowsStandalone target not found
[Package Manager] Server::EnsureServerProcessIsRunning -- launch failed, reason: Unity was launched with the -noUpm command-line argument
[Package Manager] UpmClient::Send -- Unable to send message (not connected to UPM process).
[Package Manager] Cannot connect to Unity Package Manager local server
Mono: successfully reloaded assembly
- Finished resetting the current domain, in  0.743 seconds
Domain Reload Profiling: 1107ms
	BeginReloadAssembly (146ms)
		ExecutionOrderSort (0ms)
		DisableScriptedObjects (4ms)
		BackupInstance (0ms)
		ReleaseScriptingObjects (0ms)
		CreateAndSetChildDomain (29ms)
	RebuildCommonClasses (30ms)
	RebuildNativeTypeToScriptingClass (9ms)
	initialDomainReloadingComplete (27ms)
	LoadAllAssembliesAndSetupDomain (151ms)
		LoadAssemblies (222ms)
		RebuildTransferFunctionScriptingTraits (0ms)
		AnalyzeDomain (7ms)
			TypeCache.Refresh (4ms)
				TypeCache.ScanAssembly (0ms)
			ScanForSourceGeneratedMonoScriptInfo (0ms)
			ResolveRequiredComponents (2ms)
	FinalizeReload (744ms)
		ReleaseScriptCaches (0ms)
		RebuildScriptCaches (0ms)
		SetupLoadedEditorAssemblies (389ms)
			LogAssemblyErrors (0ms)
			InitializePlatformSupportModulesInManaged (6ms)
			SetLoadedEditorAssemblies (4ms)
			RefreshPlugins (0ms)
			BeforeProcessingInitializeOnLoad (49ms)
			ProcessInitializeOnLoadAttributes (297ms)
			ProcessInitializeOnLoadMethodAttributes (23ms)
			AfterProcessingInitializeOnLoad (11ms)
			EditorAssembliesLoaded (0ms)
		ExecutionOrderSort2 (0ms)
		AwakeInstancesAfterBackupRestoration (7ms)
Refreshing native plugins compatible for Editor in 3.39 ms, found 2 plugins.
Preloading 0 native plugins for Editor in 0.00 ms.
Unloading 1889 Unused Serialized files (Serialized files now loaded: 0)
Unloading 29 unused Assets / (1.3 MB). Loaded Objects now: 2449.
Memory consumption went from 118.4 MB to 117.1 MB.
Total: 3.217700 ms (FindLiveObjects: 0.224500 ms CreateObjectMapping: 0.050200 ms MarkObjects: 2.613500 ms  DeleteObjects: 0.327900 ms)

Prepare: number of updated asset objects reloaded= 0
AssetImportParameters requested are different than current active one (requested -> active):
  custom:video-decoder-webm-vp8: 9c59270c3fd7afecdb556c50c9e8de78 -> 
  custom:SearchIndexIgnoredProperties: e643bd26f0fe6173181afceb89e7c659 -> 
  custom:container-demuxer-ogg: 62fdf1f143b41e24485cea50d1cbac27 -> 
  custom:AudioImporter_EditorPlatform: d09bf68614088b80899f8185d706f6e7 -> 
  custom:video-codec-MediaFoundation-h265: 746d11721c4dcdbdad8f713fa42b33f4 -> 
  custom:video-decoder-ogg-theora: a1e56fd34408186e4bbccfd4996cb3dc -> 
  custom:framework-win-MediaFoundation: 216162199b28c13a410421893ffa2e32 -> 
  custom:video-encoder-webm-vp8: eb34c28f22e8b96e1ab97ce403110664 -> 
  custom:audio-decoder-ogg-vorbis: bf7c407c2cedff20999df2af8eb42d56 -> 
  custom:CustomObjectIndexerAttribute: 756ad292c208cfabdd7b50bc23989ffe -> 
  custom:container-demuxer-webm: 4f35f7cbe854078d1ac9338744f61a02 -> 
  custom:audio-encoder-webm-vorbis: bf7c407c2cedff20999df2af8eb42d56 -> 
  custom:container-muxer-webm: aa71ff27fc2769a1b78a27578f13a17b -> 
========================================================================
Received Prepare
Begin MonoManager ReloadAssembly
Symbol file data-0000019E0DF43F30 doesn't match image C:\Users\Usuario\Documents\CITM\Projects\Unity\Animacio3D\CITM_FIGHTERS_TEMPLATE\Library\ScriptAssemblies\Unity.Timeline.dll
Symbol file LoadedFromMemory is not a mono symbol file
Symbol file data-0000019E04830080 doesn't match image C:\Users\Usuario\Documents\CITM\Projects\Unity\Animacio3D\CITM_FIGHTERS_TEMPLATE\Library\ScriptAssemblies\Unity.InputSystem.dll
Symbol file LoadedFromMemory is not a mono symbol file
Symbol file data-0000019E0D710C40 doesn't match image C:\Users\Usuario\Documents\CITM\Projects\Unity\Animacio3D\CITM_FIGHTERS_TEMPLATE\Library\ScriptAssemblies\Unity.InputSystem.ForUI.dll
Symbol file LoadedFromMemory is not a mono symbol file
Symbol file data-0000019E060BAE50 doesn't match image C:\Users\Usuario\Documents\CITM\Projects\Unity\Animacio3D\CITM_FIGHTERS_TEMPLATE\Library\ScriptAssemblies\Unity.Postprocessing.Runtime.dll
Symbol file LoadedFromMemory is not a mono symbol file
Symbol file data-0000019E04D50020 doesn't match image C:\Users\Usuario\Documents\CITM\Projects\Unity\Animacio3D\CITM_FIGHTERS_TEMPLATE\Library\ScriptAssemblies\Unity.PlasticSCM.Editor.dll
Symbol file LoadedFromMemory is not a mono symbol file
Symbol file data-0000019DE2702020 doesn't match image C:\Users\Usuario\Documents\CITM\Projects\Unity\Animacio3D\CITM_FIGHTERS_TEMPLATE\Library\ScriptAssemblies\Unity.AI.Navigation.dll
Symbol file LoadedFromMemory is not a mono symbol file
Symbol file data-0000019DE2702020 doesn't match image C:\Users\Usuario\Documents\CITM\Projects\Unity\Animacio3D\CITM_FIGHTERS_TEMPLATE\Library\ScriptAssemblies\Unity.AI.Navigation.Updater.dll
Symbol file LoadedFromMemory is not a mono symbol file
Symbol file data-0000019DE2F76020 doesn't match image C:\Users\Usuario\Documents\CITM\Projects\Unity\Animacio3D\CITM_FIGHTERS_TEMPLATE\Library\ScriptAssemblies\Unity.Postprocessing.Editor.dll
Symbol file LoadedFromMemory is not a mono symbol file
Symbol file data-0000019E0CEF1020 doesn't match image C:\Users\Usuario\Documents\CITM\Projects\Unity\Animacio3D\CITM_FIGHTERS_TEMPLATE\Library\ScriptAssemblies\Unity.Timeline.Editor.dll
Symbol file LoadedFromMemory is not a mono symbol file
Symbol file data-0000019E060BAE50 doesn't match image C:\Users\Usuario\Documents\CITM\Projects\Unity\Animacio3D\CITM_FIGHTERS_TEMPLATE\Library\ScriptAssemblies\UnityEngine.TestRunner.dll
Symbol file LoadedFromMemory is not a mono symbol file
Symbol file data-0000019DE2702020 doesn't match image C:\Users\Usuario\Documents\CITM\Projects\Unity\Animacio3D\CITM_FIGHTERS_TEMPLATE\Library\ScriptAssemblies\Unity.CollabProxy.Editor.dll
Symbol file LoadedFromMemory is not a mono symbol file
Symbol file data-0000019E0D923FF0 doesn't match image C:\Users\Usuario\Documents\CITM\Projects\Unity\Animacio3D\CITM_FIGHTERS_TEMPLATE\Library\ScriptAssemblies\Unity.VisualStudio.Editor.dll
Symbol file LoadedFromMemory is not a mono symbol file
Symbol file data-0000019E04CB8010 doesn't match image C:\Users\Usuario\Documents\CITM\Projects\Unity\Animacio3D\CITM_FIGHTERS_TEMPLATE\Library\ScriptAssemblies\Unity.TextMeshPro.dll
Symbol file LoadedFromMemory is not a mono symbol file
Symbol file data-0000019E0DAAE020 doesn't match image C:\Users\Usuario\Documents\CITM\Projects\Unity\Animacio3D\CITM_FIGHTERS_TEMPLATE\Library\ScriptAssemblies\UnityEditor.UI.dll
Symbol file LoadedFromMemory is not a mono symbol file
Symbol file data-0000019E0D6A10F0 doesn't match image C:\Users\Usuario\Documents\CITM\Projects\Unity\Animacio3D\CITM_FIGHTERS_TEMPLATE\Library\ScriptAssemblies\Unity.TextMeshPro.Editor.dll
Symbol file LoadedFromMemory is not a mono symbol file
Symbol file data-0000019DE2C71010 doesn't match image C:\Users\Usuario\Documents\CITM\Projects\Unity\Animacio3D\CITM_FIGHTERS_TEMPLATE\Library\ScriptAssemblies\UnityEngine.UI.dll
Symbol file LoadedFromMemory is not a mono symbol file
Symbol file data-0000019E061B68F0 doesn't match image C:\Users\Usuario\Documents\CITM\Projects\Unity\Animacio3D\CITM_FIGHTERS_TEMPLATE\Library\ScriptAssemblies\Unity.AI.Navigation.Editor.dll
Symbol file LoadedFromMemory is not a mono symbol file
Symbol file data-0000019E0D0DF020 doesn't match image C:\Users\Usuario\Documents\CITM\Projects\Unity\Animacio3D\CITM_FIGHTERS_TEMPLATE\Library\ScriptAssemblies\Unity.Rider.Editor.dll
Symbol file LoadedFromMemory is not a mono symbol file
Symbol file data-0000019E04FD6010 doesn't match image C:\Users\Usuario\Documents\CITM\Projects\Unity\Animacio3D\CITM_FIGHTERS_TEMPLATE\Library\ScriptAssemblies\Unity.AI.Navigation.Editor.ConversionSystem.dll
Symbol file LoadedFromMemory is not a mono symbol file
Symbol file data-0000019E04FD6010 doesn't match image C:\Users\Usuario\Documents\CITM\Projects\Unity\Animacio3D\CITM_FIGHTERS_TEMPLATE\Library\ScriptAssemblies\Unity.VSCode.Editor.dll
Symbol file LoadedFromMemory is not a mono symbol file
Symbol file data-0000019DE2C27020 doesn't match image C:\Users\Usuario\Documents\CITM\Projects\Unity\Animacio3D\CITM_FIGHTERS_TEMPLATE\Library\ScriptAssemblies\UnityEditor.TestRunner.dll
Symbol file LoadedFromMemory is not a mono symbol file
- Loaded All Assemblies, in  0.394 seconds
Refreshing native plugins compatible for Editor in 3.04 ms, found 2 plugins.
Native extension for WindowsStandalone target not found
[Package Manager] Server::EnsureServerProcessIsRunning -- launch failed, reason: Unity was launched with the -noUpm command-line argument
[Package Manager] UpmClient::Send -- Unable to send message (not connected to UPM process).
[Package Manager] Cannot connect to Unity Package Manager local server
Mono: successfully reloaded assembly
- Finished resetting the current domain, in  0.748 seconds
Domain Reload Profiling: 1139ms
	BeginReloadAssembly (145ms)
		ExecutionOrderSort (0ms)
		DisableScriptedObjects (4ms)
		BackupInstance (0ms)
		ReleaseScriptingObjects (0ms)
		CreateAndSetChildDomain (27ms)
	RebuildCommonClasses (38ms)
	RebuildNativeTypeToScriptingClass (9ms)
	initialDomainReloadingComplete (28ms)
	LoadAllAssembliesAndSetupDomain (170ms)
		LoadAssemblies (241ms)
		RebuildTransferFunctionScriptingTraits (0ms)
		AnalyzeDomain (10ms)
			TypeCache.Refresh (4ms)
				TypeCache.ScanAssembly (0ms)
			ScanForSourceGeneratedMonoScriptInfo (0ms)
			ResolveRequiredComponents (4ms)
	FinalizeReload (749ms)
		ReleaseScriptCaches (0ms)
		RebuildScriptCaches (0ms)
		SetupLoadedEditorAssemblies (384ms)
			LogAssemblyErrors (0ms)
			InitializePlatformSupportModulesInManaged (6ms)
			SetLoadedEditorAssemblies (3ms)
			RefreshPlugins (0ms)
			BeforeProcessingInitializeOnLoad (51ms)
			ProcessInitializeOnLoadAttributes (296ms)
			ProcessInitializeOnLoadMethodAttributes (19ms)
			AfterProcessingInitializeOnLoad (9ms)
			EditorAssembliesLoaded (0ms)
		ExecutionOrderSort2 (0ms)
		AwakeInstancesAfterBackupRestoration (8ms)
Refreshing native plugins compatible for Editor in 2.89 ms, found 2 plugins.
Preloading 0 native plugins for Editor in 0.00 ms.
Unloading 1890 Unused Serialized files (Serialized files now loaded: 0)
Unloading 29 unused Assets / (1.3 MB). Loaded Objects now: 2452.
Memory consumption went from 120.5 MB to 119.3 MB.
Total: 2.986000 ms (FindLiveObjects: 0.163700 ms CreateObjectMapping: 0.056200 ms MarkObjects: 2.441000 ms  DeleteObjects: 0.323900 ms)

Prepare: number of updated asset objects reloaded= 0
AssetImportParameters requested are different than current active one (requested -> active):
  custom:video-decoder-webm-vp8: 9c59270c3fd7afecdb556c50c9e8de78 -> 
  custom:SearchIndexIgnoredProperties: e643bd26f0fe6173181afceb89e7c659 -> 
  custom:container-demuxer-ogg: 62fdf1f143b41e24485cea50d1cbac27 -> 
  custom:AudioImporter_EditorPlatform: d09bf68614088b80899f8185d706f6e7 -> 
  custom:video-codec-MediaFoundation-h265: 746d11721c4dcdbdad8f713fa42b33f4 -> 
  custom:video-decoder-ogg-theora: a1e56fd34408186e4bbccfd4996cb3dc -> 
  custom:framework-win-MediaFoundation: 216162199b28c13a410421893ffa2e32 -> 
  custom:video-encoder-webm-vp8: eb34c28f22e8b96e1ab97ce403110664 -> 
  custom:audio-decoder-ogg-vorbis: bf7c407c2cedff20999df2af8eb42d56 -> 
  custom:CustomObjectIndexerAttribute: 756ad292c208cfabdd7b50bc23989ffe -> 
  custom:container-demuxer-webm: 4f35f7cbe854078d1ac9338744f61a02 -> 
  custom:audio-encoder-webm-vorbis: bf7c407c2cedff20999df2af8eb42d56 -> 
  custom:container-muxer-webm: aa71ff27fc2769a1b78a27578f13a17b -> 
