Using pre-set license
Built from '2022.3/release' branch; Version is '2022.3.12f1 (4fe6e059c7ef) revision 5236448'; Using compiler version '192829333'; Build Type 'Release'
OS: 'Windows 11  (10.0.22621) 64bit Core' Language: 'ca' Physical Memory: 16236 MB
BatchMode: 1, IsHumanControllingUs: 0, StartBugReporterOnCrash: 0, Is64bit: 1, IsPro: 1

COMMAND LINE ARGUMENTS:
C:\Program Files\Unity\Hub\Editor\2022.3.12f1\Editor\Unity.exe
-adb2
-batchMode
-noUpm
-name
AssetImportWorker0
-projectPath
C:/Users/Usuario/Documents/CITM/Projects/Unity/Animacio3D/CITM_FIGHTERS_TEMPLATE
-logFile
Logs/AssetImportWorker0.log
-srvPort
58227
Successfully changed project path to: C:/Users/Usuario/Documents/CITM/Projects/Unity/Animacio3D/CITM_FIGHTERS_TEMPLATE
C:/Users/Usuario/Documents/CITM/Projects/Unity/Animacio3D/CITM_FIGHTERS_TEMPLATE
[UnityMemory] Configuration Parameters - Can be set up in boot.config
    "memorysetup-bucket-allocator-granularity=16"
    "memorysetup-bucket-allocator-bucket-count=8"
    "memorysetup-bucket-allocator-block-size=33554432"
    "memorysetup-bucket-allocator-block-count=8"
    "memorysetup-main-allocator-block-size=16777216"
    "memorysetup-thread-allocator-block-size=16777216"
    "memorysetup-gfx-main-allocator-block-size=16777216"
    "memorysetup-gfx-thread-allocator-block-size=16777216"
    "memorysetup-cache-allocator-block-size=4194304"
    "memorysetup-typetree-allocator-block-size=2097152"
    "memorysetup-profiler-bucket-allocator-granularity=16"
    "memorysetup-profiler-bucket-allocator-bucket-count=8"
    "memorysetup-profiler-bucket-allocator-block-size=33554432"
    "memorysetup-profiler-bucket-allocator-block-count=8"
    "memorysetup-profiler-allocator-block-size=16777216"
    "memorysetup-profiler-editor-allocator-block-size=1048576"
    "memorysetup-temp-allocator-size-main=16777216"
    "memorysetup-job-temp-allocator-block-size=2097152"
    "memorysetup-job-temp-allocator-block-size-background=1048576"
    "memorysetup-job-temp-allocator-reduction-small-platforms=262144"
    "memorysetup-allocator-temp-initial-block-size-main=262144"
    "memorysetup-allocator-temp-initial-block-size-worker=262144"
    "memorysetup-temp-allocator-size-background-worker=32768"
    "memorysetup-temp-allocator-size-job-worker=262144"
    "memorysetup-temp-allocator-size-preload-manager=33554432"
    "memorysetup-temp-allocator-size-nav-mesh-worker=65536"
    "memorysetup-temp-allocator-size-audio-worker=65536"
    "memorysetup-temp-allocator-size-cloud-worker=32768"
    "memorysetup-temp-allocator-size-gi-baking-worker=262144"
    "memorysetup-temp-allocator-size-gfx=262144"
Player connection [14072] Host "[IP] 192.168.1.96 [Port] 0 [Flags] 2 [Guid] 3414888812 [EditorId] 3414888812 [Version] 1048832 [Id] WindowsEditor(7,LAPTOP-NLUBGJGV) [Debug] 1 [PackageName] WindowsEditor [ProjectName] Editor" joined multi-casting on [225.0.0.222:54997]...

Player connection [14072] Host "[IP] 192.168.1.96 [Port] 0 [Flags] 2 [Guid] 3414888812 [EditorId] 3414888812 [Version] 1048832 [Id] WindowsEditor(7,LAPTOP-NLUBGJGV) [Debug] 1 [PackageName] WindowsEditor [ProjectName] Editor" joined alternative multi-casting on [225.0.0.222:34997]...

[Physics::Module] Initialized MultithreadedJobDispatcher with 15 workers.
Refreshing native plugins compatible for Editor in 15.19 ms, found 2 plugins.
Preloading 0 native plugins for Editor in 0.00 ms.
Initialize engine version: 2022.3.12f1 (4fe6e059c7ef)
[Subsystems] Discovering subsystems at path C:/Program Files/Unity/Hub/Editor/2022.3.12f1/Editor/Data/Resources/UnitySubsystems
[Subsystems] Discovering subsystems at path C:/Users/Usuario/Documents/CITM/Projects/Unity/Animacio3D/CITM_FIGHTERS_TEMPLATE/Assets
GfxDevice: creating device client; threaded=0; jobified=0
Direct3D:
    Version:  Direct3D 11.0 [level 11.1]
    Renderer: NVIDIA GeForce RTX 3060 Laptop GPU (ID=0x2560)
    Vendor:   NVIDIA
    VRAM:     6010 MB
    Driver:   31.0.15.4633
Initialize mono
Mono path[0] = 'C:/Program Files/Unity/Hub/Editor/2022.3.12f1/Editor/Data/Managed'
Mono path[1] = 'C:/Program Files/Unity/Hub/Editor/2022.3.12f1/Editor/Data/MonoBleedingEdge/lib/mono/unityjit-win32'
Mono config path = 'C:/Program Files/Unity/Hub/Editor/2022.3.12f1/Editor/Data/MonoBleedingEdge/etc'
Using monoOptions --debugger-agent=transport=dt_socket,embedding=1,server=y,suspend=n,address=127.0.0.1:56356
Begin MonoManager ReloadAssembly
Registering precompiled unity dll's ...
Register platform support module: C:/Program Files/Unity/Hub/Editor/2022.3.12f1/Editor/Data/PlaybackEngines/WindowsStandaloneSupport/UnityEditor.WindowsStandalone.Extensions.dll
Registered in 0.007724 seconds.
- Loaded All Assemblies, in  0.358 seconds
Native extension for WindowsStandalone target not found
Mono: successfully reloaded assembly
- Finished resetting the current domain, in  0.251 seconds
Domain Reload Profiling: 607ms
	BeginReloadAssembly (126ms)
		ExecutionOrderSort (0ms)
		DisableScriptedObjects (0ms)
		BackupInstance (0ms)
		ReleaseScriptingObjects (0ms)
		CreateAndSetChildDomain (1ms)
	RebuildCommonClasses (32ms)
	RebuildNativeTypeToScriptingClass (8ms)
	initialDomainReloadingComplete (57ms)
	LoadAllAssembliesAndSetupDomain (132ms)
		LoadAssemblies (123ms)
		RebuildTransferFunctionScriptingTraits (0ms)
		AnalyzeDomain (130ms)
			TypeCache.Refresh (129ms)
				TypeCache.ScanAssembly (117ms)
			ScanForSourceGeneratedMonoScriptInfo (0ms)
			ResolveRequiredComponents (0ms)
	FinalizeReload (251ms)
		ReleaseScriptCaches (0ms)
		RebuildScriptCaches (0ms)
		SetupLoadedEditorAssemblies (196ms)
			LogAssemblyErrors (0ms)
			InitializePlatformSupportModulesInManaged (9ms)
			SetLoadedEditorAssemblies (7ms)
			RefreshPlugins (0ms)
			BeforeProcessingInitializeOnLoad (2ms)
			ProcessInitializeOnLoadAttributes (131ms)
			ProcessInitializeOnLoadMethodAttributes (47ms)
			AfterProcessingInitializeOnLoad (0ms)
			EditorAssembliesLoaded (0ms)
		ExecutionOrderSort2 (0ms)
		AwakeInstancesAfterBackupRestoration (0ms)
========================================================================
Worker process is ready to serve import requests
Begin MonoManager ReloadAssembly
Symbol file data-0000027720606010 doesn't match image C:\Users\Usuario\Documents\CITM\Projects\Unity\Animacio3D\CITM_FIGHTERS_TEMPLATE\Library\ScriptAssemblies\Unity.Timeline.dll
Symbol file LoadedFromMemory is not a mono symbol file
Symbol file data-00000278DCD20080 doesn't match image C:\Users\Usuario\Documents\CITM\Projects\Unity\Animacio3D\CITM_FIGHTERS_TEMPLATE\Library\ScriptAssemblies\Unity.InputSystem.dll
Symbol file LoadedFromMemory is not a mono symbol file
Symbol file data-0000027720DA8970 doesn't match image C:\Users\Usuario\Documents\CITM\Projects\Unity\Animacio3D\CITM_FIGHTERS_TEMPLATE\Library\ScriptAssemblies\Unity.InputSystem.ForUI.dll
Symbol file LoadedFromMemory is not a mono symbol file
Symbol file data-000002772062E020 doesn't match image C:\Users\Usuario\Documents\CITM\Projects\Unity\Animacio3D\CITM_FIGHTERS_TEMPLATE\Library\ScriptAssemblies\Unity.Postprocessing.Runtime.dll
Symbol file LoadedFromMemory is not a mono symbol file
Symbol file data-0000027720EC9010 doesn't match image C:\Users\Usuario\Documents\CITM\Projects\Unity\Animacio3D\CITM_FIGHTERS_TEMPLATE\Library\ScriptAssemblies\Unity.PlasticSCM.Editor.dll
Symbol file LoadedFromMemory is not a mono symbol file
Symbol file data-00000278DCDB1690 doesn't match image C:\Users\Usuario\Documents\CITM\Projects\Unity\Animacio3D\CITM_FIGHTERS_TEMPLATE\Library\ScriptAssemblies\Unity.AI.Navigation.dll
Symbol file LoadedFromMemory is not a mono symbol file
Symbol file data-00000278DCDB1690 doesn't match image C:\Users\Usuario\Documents\CITM\Projects\Unity\Animacio3D\CITM_FIGHTERS_TEMPLATE\Library\ScriptAssemblies\Unity.AI.Navigation.Updater.dll
Symbol file LoadedFromMemory is not a mono symbol file
Symbol file data-00000278DCDB1690 doesn't match image C:\Users\Usuario\Documents\CITM\Projects\Unity\Animacio3D\CITM_FIGHTERS_TEMPLATE\Library\ScriptAssemblies\Unity.Postprocessing.Editor.dll
Symbol file LoadedFromMemory is not a mono symbol file
Symbol file data-00000278DD59AD10 doesn't match image C:\Users\Usuario\Documents\CITM\Projects\Unity\Animacio3D\CITM_FIGHTERS_TEMPLATE\Library\ScriptAssemblies\Unity.Timeline.Editor.dll
Symbol file LoadedFromMemory is not a mono symbol file
Symbol file data-00000277207D2E30 doesn't match image C:\Users\Usuario\Documents\CITM\Projects\Unity\Animacio3D\CITM_FIGHTERS_TEMPLATE\Library\ScriptAssemblies\UnityEngine.TestRunner.dll
Symbol file LoadedFromMemory is not a mono symbol file
Symbol file data-0000027720648A30 doesn't match image C:\Users\Usuario\Documents\CITM\Projects\Unity\Animacio3D\CITM_FIGHTERS_TEMPLATE\Library\ScriptAssemblies\Unity.CollabProxy.Editor.dll
Symbol file LoadedFromMemory is not a mono symbol file
Symbol file data-00000277207D2E30 doesn't match image C:\Users\Usuario\Documents\CITM\Projects\Unity\Animacio3D\CITM_FIGHTERS_TEMPLATE\Library\ScriptAssemblies\Unity.VisualStudio.Editor.dll
Symbol file LoadedFromMemory is not a mono symbol file
Symbol file data-00000278DD59AD10 doesn't match image C:\Users\Usuario\Documents\CITM\Projects\Unity\Animacio3D\CITM_FIGHTERS_TEMPLATE\Library\ScriptAssemblies\Unity.TextMeshPro.dll
Symbol file LoadedFromMemory is not a mono symbol file
Symbol file data-00000278DCDB1690 doesn't match image C:\Users\Usuario\Documents\CITM\Projects\Unity\Animacio3D\CITM_FIGHTERS_TEMPLATE\Library\ScriptAssemblies\UnityEditor.UI.dll
Symbol file LoadedFromMemory is not a mono symbol file
Symbol file data-00000278DD5D3720 doesn't match image C:\Users\Usuario\Documents\CITM\Projects\Unity\Animacio3D\CITM_FIGHTERS_TEMPLATE\Library\ScriptAssemblies\Unity.TextMeshPro.Editor.dll
Symbol file LoadedFromMemory is not a mono symbol file
Symbol file data-00000278DD8F5010 doesn't match image C:\Users\Usuario\Documents\CITM\Projects\Unity\Animacio3D\CITM_FIGHTERS_TEMPLATE\Library\ScriptAssemblies\UnityEngine.UI.dll
Symbol file LoadedFromMemory is not a mono symbol file
Symbol file data-0000027720364630 doesn't match image C:\Users\Usuario\Documents\CITM\Projects\Unity\Animacio3D\CITM_FIGHTERS_TEMPLATE\Library\ScriptAssemblies\Unity.AI.Navigation.Editor.dll
Symbol file LoadedFromMemory is not a mono symbol file
Symbol file data-0000027720364630 doesn't match image C:\Users\Usuario\Documents\CITM\Projects\Unity\Animacio3D\CITM_FIGHTERS_TEMPLATE\Library\ScriptAssemblies\Unity.Rider.Editor.dll
Symbol file LoadedFromMemory is not a mono symbol file
Symbol file data-0000027720648A30 doesn't match image C:\Users\Usuario\Documents\CITM\Projects\Unity\Animacio3D\CITM_FIGHTERS_TEMPLATE\Library\ScriptAssemblies\Unity.AI.Navigation.Editor.ConversionSystem.dll
Symbol file LoadedFromMemory is not a mono symbol file
Symbol file data-0000027720648A30 doesn't match image C:\Users\Usuario\Documents\CITM\Projects\Unity\Animacio3D\CITM_FIGHTERS_TEMPLATE\Library\ScriptAssemblies\Unity.VSCode.Editor.dll
Symbol file LoadedFromMemory is not a mono symbol file
Symbol file data-00000278DD3E4A70 doesn't match image C:\Users\Usuario\Documents\CITM\Projects\Unity\Animacio3D\CITM_FIGHTERS_TEMPLATE\Library\ScriptAssemblies\UnityEditor.TestRunner.dll
Symbol file LoadedFromMemory is not a mono symbol file
- Loaded All Assemblies, in  0.645 seconds
Refreshing native plugins compatible for Editor in 3.24 ms, found 2 plugins.
Native extension for WindowsStandalone target not found
Package Manager log level set to [2]
[Package Manager] Server::EnsureServerProcessIsRunning -- launch failed, reason: Unity was launched with the -noUpm command-line argument
[Package Manager] UpmClient::Send -- Unable to send message (not connected to UPM process).
[Package Manager] Cannot connect to Unity Package Manager local server
Mono: successfully reloaded assembly
- Finished resetting the current domain, in  0.636 seconds
Domain Reload Profiling: 1277ms
	BeginReloadAssembly (164ms)
		ExecutionOrderSort (0ms)
		DisableScriptedObjects (7ms)
		BackupInstance (0ms)
		ReleaseScriptingObjects (0ms)
		CreateAndSetChildDomain (22ms)
	RebuildCommonClasses (34ms)
	RebuildNativeTypeToScriptingClass (9ms)
	initialDomainReloadingComplete (45ms)
	LoadAllAssembliesAndSetupDomain (389ms)
		LoadAssemblies (371ms)
		RebuildTransferFunctionScriptingTraits (0ms)
		AnalyzeDomain (108ms)
			TypeCache.Refresh (96ms)
				TypeCache.ScanAssembly (84ms)
			ScanForSourceGeneratedMonoScriptInfo (9ms)
			ResolveRequiredComponents (2ms)
	FinalizeReload (637ms)
		ReleaseScriptCaches (0ms)
		RebuildScriptCaches (0ms)
		SetupLoadedEditorAssemblies (493ms)
			LogAssemblyErrors (0ms)
			InitializePlatformSupportModulesInManaged (6ms)
			SetLoadedEditorAssemblies (4ms)
			RefreshPlugins (0ms)
			BeforeProcessingInitializeOnLoad (60ms)
			ProcessInitializeOnLoadAttributes (389ms)
			ProcessInitializeOnLoadMethodAttributes (24ms)
			AfterProcessingInitializeOnLoad (10ms)
			EditorAssembliesLoaded (0ms)
		ExecutionOrderSort2 (0ms)
		AwakeInstancesAfterBackupRestoration (8ms)
Launched and connected shader compiler UnityShaderCompiler.exe after 0.08 seconds
Refreshing native plugins compatible for Editor in 3.90 ms, found 2 plugins.
Preloading 0 native plugins for Editor in 0.00 ms.
Unloading 1923 Unused Serialized files (Serialized files now loaded: 0)
Unloading 41 unused Assets / (1.3 MB). Loaded Objects now: 2397.
Memory consumption went from 116.1 MB to 114.8 MB.
Total: 3.981000 ms (FindLiveObjects: 0.195100 ms CreateObjectMapping: 0.061300 ms MarkObjects: 3.259200 ms  DeleteObjects: 0.464100 ms)

AssetImportParameters requested are different than current active one (requested -> active):
  custom:video-decoder-webm-vp8: 9c59270c3fd7afecdb556c50c9e8de78 -> 
  custom:SearchIndexIgnoredProperties: e643bd26f0fe6173181afceb89e7c659 -> 
  custom:container-demuxer-ogg: 62fdf1f143b41e24485cea50d1cbac27 -> 
  custom:AudioImporter_EditorPlatform: d09bf68614088b80899f8185d706f6e7 -> 
  custom:video-codec-MediaFoundation-h265: 746d11721c4dcdbdad8f713fa42b33f4 -> 
  custom:video-decoder-ogg-theora: a1e56fd34408186e4bbccfd4996cb3dc -> 
  custom:framework-win-MediaFoundation: 216162199b28c13a410421893ffa2e32 -> 
  custom:video-encoder-webm-vp8: eb34c28f22e8b96e1ab97ce403110664 -> 
  custom:audio-decoder-ogg-vorbis: bf7c407c2cedff20999df2af8eb42d56 -> 
  custom:CustomObjectIndexerAttribute: 756ad292c208cfabdd7b50bc23989ffe -> 
  custom:container-demuxer-webm: 4f35f7cbe854078d1ac9338744f61a02 -> 
  custom:audio-encoder-webm-vorbis: bf7c407c2cedff20999df2af8eb42d56 -> 
  custom:container-muxer-webm: aa71ff27fc2769a1b78a27578f13a17b -> 
========================================================================
Received Import Request.
  Time since last request: 4469.949119 seconds.
  path: Assets/_prefabs/deadpool.prefab
  artifactKey: Guid(03e44a9a305752c4bbbe54e4fdea2acd) Importer(815301076,1909f56bfc062723c751e8b465ee728b)
Start importing Assets/_prefabs/deadpool.prefab using Guid(03e44a9a305752c4bbbe54e4fdea2acd) Importer(815301076,1909f56bfc062723c751e8b465ee728b)  -> (artifact id: 'd8dcbd20773279271aa2509b962b1cff') in 0.331947 seconds
Number of updated asset objects reloaded before import = 0
Number of asset objects unloaded after import = 1647
========================================================================
Received Import Request.
  Time since last request: 239.798317 seconds.
  path: Assets/Deadpool/low_atk_quick_melee.fbx
  artifactKey: Guid(7cf891d293198c8499418392395da035) Importer(815301076,1909f56bfc062723c751e8b465ee728b)
Start importing Assets/Deadpool/low_atk_quick_melee.fbx using Guid(7cf891d293198c8499418392395da035) Importer(815301076,1909f56bfc062723c751e8b465ee728b)  -> (artifact id: '717bc00ee7d367a5a51ae990c8c43f9a') in 0.408972 seconds
Number of updated asset objects reloaded before import = 0
Number of asset objects unloaded after import = 801
========================================================================
Received Import Request.
  Time since last request: 10.439971 seconds.
  path: Assets/Deadpool/low_atk_quick_melee.fbx
  artifactKey: Guid(7cf891d293198c8499418392395da035) Importer(815301076,1909f56bfc062723c751e8b465ee728b)
Start importing Assets/Deadpool/low_atk_quick_melee.fbx using Guid(7cf891d293198c8499418392395da035) Importer(815301076,1909f56bfc062723c751e8b465ee728b)  -> (artifact id: '829e5ed4cefeec40f836eac5de33110e') in 0.417232 seconds
Number of updated asset objects reloaded before import = 0
Number of asset objects unloaded after import = 801
========================================================================
Received Import Request.
  Time since last request: 236.921421 seconds.
  path: Assets/Deadpool/low_atk_quick_melee.fbx
  artifactKey: Guid(7cf891d293198c8499418392395da035) Importer(815301076,1909f56bfc062723c751e8b465ee728b)
Start importing Assets/Deadpool/low_atk_quick_melee.fbx using Guid(7cf891d293198c8499418392395da035) Importer(815301076,1909f56bfc062723c751e8b465ee728b)  -> (artifact id: 'fa6dfd13df6853b0b845d8fc8b5f749a') in 0.419502 seconds
Number of updated asset objects reloaded before import = 0
Number of asset objects unloaded after import = 801
========================================================================
Received Import Request.
  Time since last request: 12.528661 seconds.
  path: Assets/Deadpool/low_atk_quick_melee.fbx
  artifactKey: Guid(7cf891d293198c8499418392395da035) Importer(815301076,1909f56bfc062723c751e8b465ee728b)
Start importing Assets/Deadpool/low_atk_quick_melee.fbx using Guid(7cf891d293198c8499418392395da035) Importer(815301076,1909f56bfc062723c751e8b465ee728b)  -> (artifact id: '5becb55aceb0f7f1506b19cdbf27ba38') in 0.453400 seconds
Number of updated asset objects reloaded before import = 0
Number of asset objects unloaded after import = 801
========================================================================
Received Import Request.
  Time since last request: 13.329537 seconds.
  path: Assets/Deadpool/low_atk_slow_ranged.fbx
  artifactKey: Guid(5ce25d02e4a9ad44bbdb387edb1b5a75) Importer(815301076,1909f56bfc062723c751e8b465ee728b)
Start importing Assets/Deadpool/low_atk_slow_ranged.fbx using Guid(5ce25d02e4a9ad44bbdb387edb1b5a75) Importer(815301076,1909f56bfc062723c751e8b465ee728b)  -> (artifact id: '4ae8c45f5301d8f88f938f5f79f2de0a') in 0.312534 seconds
Number of updated asset objects reloaded before import = 0
Number of asset objects unloaded after import = 801
========================================================================
Received Import Request.
  Time since last request: 3.265135 seconds.
  path: Assets/_prefabs/deadpool.prefab
  artifactKey: Guid(03e44a9a305752c4bbbe54e4fdea2acd) Importer(815301076,1909f56bfc062723c751e8b465ee728b)
Start importing Assets/_prefabs/deadpool.prefab using Guid(03e44a9a305752c4bbbe54e4fdea2acd) Importer(815301076,1909f56bfc062723c751e8b465ee728b)  -> (artifact id: '09cc5a0a8f2c7dbce81209bf0ffce84b') in 0.152293 seconds
Number of updated asset objects reloaded before import = 0
Number of asset objects unloaded after import = 1647
========================================================================
Received Import Request.
  Time since last request: 3.138171 seconds.
  path: Assets/Deadpool/deadpool.controller
  artifactKey: Guid(7bbda44a7de8cbd4dab25eedc58eba61) Importer(815301076,1909f56bfc062723c751e8b465ee728b)
Start importing Assets/Deadpool/deadpool.controller using Guid(7bbda44a7de8cbd4dab25eedc58eba61) Importer(815301076,1909f56bfc062723c751e8b465ee728b)  -> (artifact id: '50d3e28e003fc5daeb5f97deb50ae38c') in 0.053561 seconds
Number of updated asset objects reloaded before import = 0
Number of asset objects unloaded after import = 38
========================================================================
Received Prepare
Begin MonoManager ReloadAssembly
Symbol file data-0000027729208010 doesn't match image C:\Users\Usuario\Documents\CITM\Projects\Unity\Animacio3D\CITM_FIGHTERS_TEMPLATE\Library\ScriptAssemblies\Unity.Timeline.dll
Symbol file LoadedFromMemory is not a mono symbol file
Symbol file data-00000278DCD20080 doesn't match image C:\Users\Usuario\Documents\CITM\Projects\Unity\Animacio3D\CITM_FIGHTERS_TEMPLATE\Library\ScriptAssemblies\Unity.InputSystem.dll
Symbol file LoadedFromMemory is not a mono symbol file
Symbol file data-00000278DD6FCE80 doesn't match image C:\Users\Usuario\Documents\CITM\Projects\Unity\Animacio3D\CITM_FIGHTERS_TEMPLATE\Library\ScriptAssemblies\Unity.InputSystem.ForUI.dll
Symbol file LoadedFromMemory is not a mono symbol file
Symbol file data-00000278BA2FD020 doesn't match image C:\Users\Usuario\Documents\CITM\Projects\Unity\Animacio3D\CITM_FIGHTERS_TEMPLATE\Library\ScriptAssemblies\Unity.Postprocessing.Runtime.dll
Symbol file LoadedFromMemory is not a mono symbol file
Symbol file data-0000027720184020 doesn't match image C:\Users\Usuario\Documents\CITM\Projects\Unity\Animacio3D\CITM_FIGHTERS_TEMPLATE\Library\ScriptAssemblies\Unity.PlasticSCM.Editor.dll
Symbol file LoadedFromMemory is not a mono symbol file
Symbol file data-000002772021A010 doesn't match image C:\Users\Usuario\Documents\CITM\Projects\Unity\Animacio3D\CITM_FIGHTERS_TEMPLATE\Library\ScriptAssemblies\Unity.AI.Navigation.dll
Symbol file LoadedFromMemory is not a mono symbol file
Symbol file data-000002772021A010 doesn't match image C:\Users\Usuario\Documents\CITM\Projects\Unity\Animacio3D\CITM_FIGHTERS_TEMPLATE\Library\ScriptAssemblies\Unity.AI.Navigation.Updater.dll
Symbol file LoadedFromMemory is not a mono symbol file
Symbol file data-00000278DD647020 doesn't match image C:\Users\Usuario\Documents\CITM\Projects\Unity\Animacio3D\CITM_FIGHTERS_TEMPLATE\Library\ScriptAssemblies\Unity.Postprocessing.Editor.dll
Symbol file LoadedFromMemory is not a mono symbol file
Symbol file data-0000027720323020 doesn't match image C:\Users\Usuario\Documents\CITM\Projects\Unity\Animacio3D\CITM_FIGHTERS_TEMPLATE\Library\ScriptAssemblies\Unity.Timeline.Editor.dll
Symbol file LoadedFromMemory is not a mono symbol file
Symbol file data-00000278BA2FD020 doesn't match image C:\Users\Usuario\Documents\CITM\Projects\Unity\Animacio3D\CITM_FIGHTERS_TEMPLATE\Library\ScriptAssemblies\UnityEngine.TestRunner.dll
Symbol file LoadedFromMemory is not a mono symbol file
Symbol file data-000002772021A010 doesn't match image C:\Users\Usuario\Documents\CITM\Projects\Unity\Animacio3D\CITM_FIGHTERS_TEMPLATE\Library\ScriptAssemblies\Unity.CollabProxy.Editor.dll
Symbol file LoadedFromMemory is not a mono symbol file
Symbol file data-000002772953E670 doesn't match image C:\Users\Usuario\Documents\CITM\Projects\Unity\Animacio3D\CITM_FIGHTERS_TEMPLATE\Library\ScriptAssemblies\Unity.VisualStudio.Editor.dll
Symbol file LoadedFromMemory is not a mono symbol file
Symbol file data-0000027720184020 doesn't match image C:\Users\Usuario\Documents\CITM\Projects\Unity\Animacio3D\CITM_FIGHTERS_TEMPLATE\Library\ScriptAssemblies\Unity.TextMeshPro.dll
Symbol file LoadedFromMemory is not a mono symbol file
Symbol file data-00000278DD647020 doesn't match image C:\Users\Usuario\Documents\CITM\Projects\Unity\Animacio3D\CITM_FIGHTERS_TEMPLATE\Library\ScriptAssemblies\UnityEditor.UI.dll
Symbol file LoadedFromMemory is not a mono symbol file
Symbol file data-000002772176B030 doesn't match image C:\Users\Usuario\Documents\CITM\Projects\Unity\Animacio3D\CITM_FIGHTERS_TEMPLATE\Library\ScriptAssemblies\Unity.TextMeshPro.Editor.dll
Symbol file LoadedFromMemory is not a mono symbol file
Symbol file data-00000278DCEA7020 doesn't match image C:\Users\Usuario\Documents\CITM\Projects\Unity\Animacio3D\CITM_FIGHTERS_TEMPLATE\Library\ScriptAssemblies\UnityEngine.UI.dll
Symbol file LoadedFromMemory is not a mono symbol file
Symbol file data-00000277201BCA30 doesn't match image C:\Users\Usuario\Documents\CITM\Projects\Unity\Animacio3D\CITM_FIGHTERS_TEMPLATE\Library\ScriptAssemblies\Unity.AI.Navigation.Editor.dll
Symbol file LoadedFromMemory is not a mono symbol file
Symbol file data-000002772021A010 doesn't match image C:\Users\Usuario\Documents\CITM\Projects\Unity\Animacio3D\CITM_FIGHTERS_TEMPLATE\Library\ScriptAssemblies\Unity.Rider.Editor.dll
Symbol file LoadedFromMemory is not a mono symbol file
Symbol file data-00000278DD647020 doesn't match image C:\Users\Usuario\Documents\CITM\Projects\Unity\Animacio3D\CITM_FIGHTERS_TEMPLATE\Library\ScriptAssemblies\Unity.AI.Navigation.Editor.ConversionSystem.dll
Symbol file LoadedFromMemory is not a mono symbol file
Symbol file data-00000278DD647020 doesn't match image C:\Users\Usuario\Documents\CITM\Projects\Unity\Animacio3D\CITM_FIGHTERS_TEMPLATE\Library\ScriptAssemblies\Unity.VSCode.Editor.dll
Symbol file LoadedFromMemory is not a mono symbol file
Symbol file data-0000027721BAC020 doesn't match image C:\Users\Usuario\Documents\CITM\Projects\Unity\Animacio3D\CITM_FIGHTERS_TEMPLATE\Library\ScriptAssemblies\UnityEditor.TestRunner.dll
Symbol file LoadedFromMemory is not a mono symbol file
- Loaded All Assemblies, in  0.424 seconds
Refreshing native plugins compatible for Editor in 3.08 ms, found 2 plugins.
Native extension for WindowsStandalone target not found
[Package Manager] Server::EnsureServerProcessIsRunning -- launch failed, reason: Unity was launched with the -noUpm command-line argument
[Package Manager] UpmClient::Send -- Unable to send message (not connected to UPM process).
[Package Manager] Cannot connect to Unity Package Manager local server
Mono: successfully reloaded assembly
- Finished resetting the current domain, in  1.179 seconds
Domain Reload Profiling: 1600ms
	BeginReloadAssembly (148ms)
		ExecutionOrderSort (0ms)
		DisableScriptedObjects (4ms)
		BackupInstance (0ms)
		ReleaseScriptingObjects (0ms)
		CreateAndSetChildDomain (28ms)
	RebuildCommonClasses (33ms)
	RebuildNativeTypeToScriptingClass (8ms)
	initialDomainReloadingComplete (27ms)
	LoadAllAssembliesAndSetupDomain (204ms)
		LoadAssemblies (284ms)
		RebuildTransferFunctionScriptingTraits (0ms)
		AnalyzeDomain (7ms)
			TypeCache.Refresh (4ms)
				TypeCache.ScanAssembly (0ms)
			ScanForSourceGeneratedMonoScriptInfo (0ms)
			ResolveRequiredComponents (2ms)
	FinalizeReload (1180ms)
		ReleaseScriptCaches (0ms)
		RebuildScriptCaches (0ms)
		SetupLoadedEditorAssemblies (382ms)
			LogAssemblyErrors (0ms)
			InitializePlatformSupportModulesInManaged (6ms)
			SetLoadedEditorAssemblies (2ms)
			RefreshPlugins (0ms)
			BeforeProcessingInitializeOnLoad (50ms)
			ProcessInitializeOnLoadAttributes (296ms)
			ProcessInitializeOnLoadMethodAttributes (19ms)
			AfterProcessingInitializeOnLoad (8ms)
			EditorAssembliesLoaded (0ms)
		ExecutionOrderSort2 (0ms)
		AwakeInstancesAfterBackupRestoration (7ms)
Refreshing native plugins compatible for Editor in 3.43 ms, found 2 plugins.
Preloading 0 native plugins for Editor in 0.00 ms.
Unloading 1889 Unused Serialized files (Serialized files now loaded: 0)
Unloading 29 unused Assets / (1.3 MB). Loaded Objects now: 2446.
Memory consumption went from 117.6 MB to 116.4 MB.
Total: 3.300000 ms (FindLiveObjects: 0.172500 ms CreateObjectMapping: 0.047800 ms MarkObjects: 2.746800 ms  DeleteObjects: 0.331300 ms)

Prepare: number of updated asset objects reloaded= 0
AssetImportParameters requested are different than current active one (requested -> active):
  custom:video-decoder-webm-vp8: 9c59270c3fd7afecdb556c50c9e8de78 -> 
  custom:SearchIndexIgnoredProperties: e643bd26f0fe6173181afceb89e7c659 -> 
  custom:container-demuxer-ogg: 62fdf1f143b41e24485cea50d1cbac27 -> 
  custom:AudioImporter_EditorPlatform: d09bf68614088b80899f8185d706f6e7 -> 
  custom:video-codec-MediaFoundation-h265: 746d11721c4dcdbdad8f713fa42b33f4 -> 
  custom:video-decoder-ogg-theora: a1e56fd34408186e4bbccfd4996cb3dc -> 
  custom:framework-win-MediaFoundation: 216162199b28c13a410421893ffa2e32 -> 
  custom:video-encoder-webm-vp8: eb34c28f22e8b96e1ab97ce403110664 -> 
  custom:audio-decoder-ogg-vorbis: bf7c407c2cedff20999df2af8eb42d56 -> 
  custom:CustomObjectIndexerAttribute: 756ad292c208cfabdd7b50bc23989ffe -> 
  custom:container-demuxer-webm: 4f35f7cbe854078d1ac9338744f61a02 -> 
  custom:audio-encoder-webm-vorbis: bf7c407c2cedff20999df2af8eb42d56 -> 
  custom:container-muxer-webm: aa71ff27fc2769a1b78a27578f13a17b -> 
========================================================================
Received Import Request.
  Time since last request: 133.003766 seconds.
  path: Assets/_Scripts/PlayerController.cs
  artifactKey: Guid(1dcd2bdc0ab61ff488504182c86673a0) Importer(815301076,1909f56bfc062723c751e8b465ee728b)
Start importing Assets/_Scripts/PlayerController.cs using Guid(1dcd2bdc0ab61ff488504182c86673a0) Importer(815301076,1909f56bfc062723c751e8b465ee728b)  -> (artifact id: 'bcf9c7c7965b1ed49fc7127d8233b28c') in 0.005274 seconds
Number of updated asset objects reloaded before import = 0
Number of asset objects unloaded after import = 0
========================================================================
Received Import Request.
  Time since last request: 61.457609 seconds.
  path: Assets/_Scripts/PlayerController.cs
  artifactKey: Guid(1dcd2bdc0ab61ff488504182c86673a0) Importer(815301076,1909f56bfc062723c751e8b465ee728b)
Start importing Assets/_Scripts/PlayerController.cs using Guid(1dcd2bdc0ab61ff488504182c86673a0) Importer(815301076,1909f56bfc062723c751e8b465ee728b)  -> (artifact id: '2d6514cccd6cb434aa0d8fbe9f86699c') in 0.000820 seconds
Number of updated asset objects reloaded before import = 0
Number of asset objects unloaded after import = 0
========================================================================
Received Prepare
Begin MonoManager ReloadAssembly
Symbol file data-0000027728E1BA20 doesn't match image C:\Users\Usuario\Documents\CITM\Projects\Unity\Animacio3D\CITM_FIGHTERS_TEMPLATE\Library\ScriptAssemblies\Unity.Timeline.dll
Symbol file LoadedFromMemory is not a mono symbol file
Symbol file data-00000277281AD780 doesn't match image C:\Users\Usuario\Documents\CITM\Projects\Unity\Animacio3D\CITM_FIGHTERS_TEMPLATE\Library\ScriptAssemblies\Unity.InputSystem.dll
Symbol file LoadedFromMemory is not a mono symbol file
Symbol file data-000002772175EF20 doesn't match image C:\Users\Usuario\Documents\CITM\Projects\Unity\Animacio3D\CITM_FIGHTERS_TEMPLATE\Library\ScriptAssemblies\Unity.InputSystem.ForUI.dll
Symbol file LoadedFromMemory is not a mono symbol file
Symbol file data-00000278DD5FCEC0 doesn't match image C:\Users\Usuario\Documents\CITM\Projects\Unity\Animacio3D\CITM_FIGHTERS_TEMPLATE\Library\ScriptAssemblies\Unity.Postprocessing.Runtime.dll
Symbol file LoadedFromMemory is not a mono symbol file
Symbol file data-00000278DCEA7020 doesn't match image C:\Users\Usuario\Documents\CITM\Projects\Unity\Animacio3D\CITM_FIGHTERS_TEMPLATE\Library\ScriptAssemblies\Unity.PlasticSCM.Editor.dll
Symbol file LoadedFromMemory is not a mono symbol file
Symbol file data-000002772898DDB0 doesn't match image C:\Users\Usuario\Documents\CITM\Projects\Unity\Animacio3D\CITM_FIGHTERS_TEMPLATE\Library\ScriptAssemblies\Unity.AI.Navigation.dll
Symbol file LoadedFromMemory is not a mono symbol file
Symbol file data-00000277282ED2A0 doesn't match image C:\Users\Usuario\Documents\CITM\Projects\Unity\Animacio3D\CITM_FIGHTERS_TEMPLATE\Library\ScriptAssemblies\Unity.AI.Navigation.Updater.dll
Symbol file LoadedFromMemory is not a mono symbol file
Symbol file data-0000027721C8A020 doesn't match image C:\Users\Usuario\Documents\CITM\Projects\Unity\Animacio3D\CITM_FIGHTERS_TEMPLATE\Library\ScriptAssemblies\Unity.Postprocessing.Editor.dll
Symbol file LoadedFromMemory is not a mono symbol file
Symbol file data-0000027963303020 doesn't match image C:\Users\Usuario\Documents\CITM\Projects\Unity\Animacio3D\CITM_FIGHTERS_TEMPLATE\Library\ScriptAssemblies\Unity.Timeline.Editor.dll
Symbol file LoadedFromMemory is not a mono symbol file
Symbol file data-00000278DD5FCEC0 doesn't match image C:\Users\Usuario\Documents\CITM\Projects\Unity\Animacio3D\CITM_FIGHTERS_TEMPLATE\Library\ScriptAssemblies\UnityEngine.TestRunner.dll
Symbol file LoadedFromMemory is not a mono symbol file
Symbol file data-00000278DD5E3730 doesn't match image C:\Users\Usuario\Documents\CITM\Projects\Unity\Animacio3D\CITM_FIGHTERS_TEMPLATE\Library\ScriptAssemblies\Unity.CollabProxy.Editor.dll
Symbol file LoadedFromMemory is not a mono symbol file
Symbol file data-000002772085C020 doesn't match image C:\Users\Usuario\Documents\CITM\Projects\Unity\Animacio3D\CITM_FIGHTERS_TEMPLATE\Library\ScriptAssemblies\Unity.VisualStudio.Editor.dll
Symbol file LoadedFromMemory is not a mono symbol file
Symbol file data-0000027728399620 doesn't match image C:\Users\Usuario\Documents\CITM\Projects\Unity\Animacio3D\CITM_FIGHTERS_TEMPLATE\Library\ScriptAssemblies\Unity.TextMeshPro.dll
Symbol file LoadedFromMemory is not a mono symbol file
Symbol file data-0000027721C8A020 doesn't match image C:\Users\Usuario\Documents\CITM\Projects\Unity\Animacio3D\CITM_FIGHTERS_TEMPLATE\Library\ScriptAssemblies\UnityEditor.UI.dll
Symbol file LoadedFromMemory is not a mono symbol file
Symbol file data-00000278DDC8D020 doesn't match image C:\Users\Usuario\Documents\CITM\Projects\Unity\Animacio3D\CITM_FIGHTERS_TEMPLATE\Library\ScriptAssemblies\Unity.TextMeshPro.Editor.dll
Symbol file LoadedFromMemory is not a mono symbol file
Symbol file data-00000277285DF4E0 doesn't match image C:\Users\Usuario\Documents\CITM\Projects\Unity\Animacio3D\CITM_FIGHTERS_TEMPLATE\Library\ScriptAssemblies\UnityEngine.UI.dll
Symbol file LoadedFromMemory is not a mono symbol file
Symbol file data-0000027721795010 doesn't match image C:\Users\Usuario\Documents\CITM\Projects\Unity\Animacio3D\CITM_FIGHTERS_TEMPLATE\Library\ScriptAssemblies\Unity.AI.Navigation.Editor.dll
Symbol file LoadedFromMemory is not a mono symbol file
Symbol file data-0000027728B96160 doesn't match image C:\Users\Usuario\Documents\CITM\Projects\Unity\Animacio3D\CITM_FIGHTERS_TEMPLATE\Library\ScriptAssemblies\Unity.Rider.Editor.dll
Symbol file LoadedFromMemory is not a mono symbol file
Symbol file data-000002772898DDB0 doesn't match image C:\Users\Usuario\Documents\CITM\Projects\Unity\Animacio3D\CITM_FIGHTERS_TEMPLATE\Library\ScriptAssemblies\Unity.AI.Navigation.Editor.ConversionSystem.dll
Symbol file LoadedFromMemory is not a mono symbol file
Symbol file data-0000027728A212F0 doesn't match image C:\Users\Usuario\Documents\CITM\Projects\Unity\Animacio3D\CITM_FIGHTERS_TEMPLATE\Library\ScriptAssemblies\Unity.VSCode.Editor.dll
Symbol file LoadedFromMemory is not a mono symbol file
Symbol file data-0000027728602E90 doesn't match image C:\Users\Usuario\Documents\CITM\Projects\Unity\Animacio3D\CITM_FIGHTERS_TEMPLATE\Library\ScriptAssemblies\UnityEditor.TestRunner.dll
Symbol file LoadedFromMemory is not a mono symbol file
- Loaded All Assemblies, in  0.462 seconds
Refreshing native plugins compatible for Editor in 3.48 ms, found 2 plugins.
Native extension for WindowsStandalone target not found
[Package Manager] Server::EnsureServerProcessIsRunning -- launch failed, reason: Unity was launched with the -noUpm command-line argument
[Package Manager] UpmClient::Send -- Unable to send message (not connected to UPM process).
[Package Manager] Cannot connect to Unity Package Manager local server
Mono: successfully reloaded assembly
- Finished resetting the current domain, in  0.794 seconds
Domain Reload Profiling: 1251ms
	BeginReloadAssembly (165ms)
		ExecutionOrderSort (0ms)
		DisableScriptedObjects (5ms)
		BackupInstance (0ms)
		ReleaseScriptingObjects (0ms)
		CreateAndSetChildDomain (29ms)
	RebuildCommonClasses (28ms)
	RebuildNativeTypeToScriptingClass (12ms)
	initialDomainReloadingComplete (38ms)
	LoadAllAssembliesAndSetupDomain (214ms)
		LoadAssemblies (285ms)
		RebuildTransferFunctionScriptingTraits (0ms)
		AnalyzeDomain (25ms)
			TypeCache.Refresh (6ms)
				TypeCache.ScanAssembly (0ms)
			ScanForSourceGeneratedMonoScriptInfo (14ms)
			ResolveRequiredComponents (4ms)
	FinalizeReload (794ms)
		ReleaseScriptCaches (0ms)
		RebuildScriptCaches (0ms)
		SetupLoadedEditorAssemblies (388ms)
			LogAssemblyErrors (0ms)
			InitializePlatformSupportModulesInManaged (7ms)
			SetLoadedEditorAssemblies (2ms)
			RefreshPlugins (0ms)
			BeforeProcessingInitializeOnLoad (47ms)
			ProcessInitializeOnLoadAttributes (301ms)
			ProcessInitializeOnLoadMethodAttributes (19ms)
			AfterProcessingInitializeOnLoad (11ms)
			EditorAssembliesLoaded (0ms)
		ExecutionOrderSort2 (0ms)
		AwakeInstancesAfterBackupRestoration (7ms)
Refreshing native plugins compatible for Editor in 3.81 ms, found 2 plugins.
Preloading 0 native plugins for Editor in 0.00 ms.
Unloading 1889 Unused Serialized files (Serialized files now loaded: 0)
Unloading 29 unused Assets / (1.3 MB). Loaded Objects now: 2449.
Memory consumption went from 119.6 MB to 118.3 MB.
Total: 3.068300 ms (FindLiveObjects: 0.159600 ms CreateObjectMapping: 0.065700 ms MarkObjects: 2.525700 ms  DeleteObjects: 0.315700 ms)

Prepare: number of updated asset objects reloaded= 0
AssetImportParameters requested are different than current active one (requested -> active):
  custom:video-decoder-webm-vp8: 9c59270c3fd7afecdb556c50c9e8de78 -> 
  custom:SearchIndexIgnoredProperties: e643bd26f0fe6173181afceb89e7c659 -> 
  custom:container-demuxer-ogg: 62fdf1f143b41e24485cea50d1cbac27 -> 
  custom:AudioImporter_EditorPlatform: d09bf68614088b80899f8185d706f6e7 -> 
  custom:video-codec-MediaFoundation-h265: 746d11721c4dcdbdad8f713fa42b33f4 -> 
  custom:video-decoder-ogg-theora: a1e56fd34408186e4bbccfd4996cb3dc -> 
  custom:framework-win-MediaFoundation: 216162199b28c13a410421893ffa2e32 -> 
  custom:video-encoder-webm-vp8: eb34c28f22e8b96e1ab97ce403110664 -> 
  custom:audio-decoder-ogg-vorbis: bf7c407c2cedff20999df2af8eb42d56 -> 
  custom:CustomObjectIndexerAttribute: 756ad292c208cfabdd7b50bc23989ffe -> 
  custom:container-demuxer-webm: 4f35f7cbe854078d1ac9338744f61a02 -> 
  custom:audio-encoder-webm-vorbis: bf7c407c2cedff20999df2af8eb42d56 -> 
  custom:container-muxer-webm: aa71ff27fc2769a1b78a27578f13a17b -> 
========================================================================
Received Prepare
Begin MonoManager ReloadAssembly
Symbol file data-00000278DDA39020 doesn't match image C:\Users\Usuario\Documents\CITM\Projects\Unity\Animacio3D\CITM_FIGHTERS_TEMPLATE\Library\ScriptAssemblies\Unity.Timeline.dll
Symbol file LoadedFromMemory is not a mono symbol file
Symbol file data-0000027963809010 doesn't match image C:\Users\Usuario\Documents\CITM\Projects\Unity\Animacio3D\CITM_FIGHTERS_TEMPLATE\Library\ScriptAssemblies\Unity.InputSystem.dll
Symbol file LoadedFromMemory is not a mono symbol file
Symbol file data-0000027721685040 doesn't match image C:\Users\Usuario\Documents\CITM\Projects\Unity\Animacio3D\CITM_FIGHTERS_TEMPLATE\Library\ScriptAssemblies\Unity.InputSystem.ForUI.dll
Symbol file LoadedFromMemory is not a mono symbol file
Symbol file data-0000027728289CB0 doesn't match image C:\Users\Usuario\Documents\CITM\Projects\Unity\Animacio3D\CITM_FIGHTERS_TEMPLATE\Library\ScriptAssemblies\Unity.Postprocessing.Runtime.dll
Symbol file LoadedFromMemory is not a mono symbol file
Symbol file data-0000027728999D10 doesn't match image C:\Users\Usuario\Documents\CITM\Projects\Unity\Animacio3D\CITM_FIGHTERS_TEMPLATE\Library\ScriptAssemblies\Unity.PlasticSCM.Editor.dll
Symbol file LoadedFromMemory is not a mono symbol file
Symbol file data-00000278DD9C9020 doesn't match image C:\Users\Usuario\Documents\CITM\Projects\Unity\Animacio3D\CITM_FIGHTERS_TEMPLATE\Library\ScriptAssemblies\Unity.AI.Navigation.dll
Symbol file LoadedFromMemory is not a mono symbol file
Symbol file data-0000027721685040 doesn't match image C:\Users\Usuario\Documents\CITM\Projects\Unity\Animacio3D\CITM_FIGHTERS_TEMPLATE\Library\ScriptAssemblies\Unity.AI.Navigation.Updater.dll
Symbol file LoadedFromMemory is not a mono symbol file
Symbol file data-0000027728A288C0 doesn't match image C:\Users\Usuario\Documents\CITM\Projects\Unity\Animacio3D\CITM_FIGHTERS_TEMPLATE\Library\ScriptAssemblies\Unity.Postprocessing.Editor.dll
Symbol file LoadedFromMemory is not a mono symbol file
Symbol file data-0000027720000080 doesn't match image C:\Users\Usuario\Documents\CITM\Projects\Unity\Animacio3D\CITM_FIGHTERS_TEMPLATE\Library\ScriptAssemblies\Unity.Timeline.Editor.dll
Symbol file LoadedFromMemory is not a mono symbol file
Symbol file data-0000027728289CB0 doesn't match image C:\Users\Usuario\Documents\CITM\Projects\Unity\Animacio3D\CITM_FIGHTERS_TEMPLATE\Library\ScriptAssemblies\UnityEngine.TestRunner.dll
Symbol file LoadedFromMemory is not a mono symbol file
Symbol file data-0000027721685040 doesn't match image C:\Users\Usuario\Documents\CITM\Projects\Unity\Animacio3D\CITM_FIGHTERS_TEMPLATE\Library\ScriptAssemblies\Unity.CollabProxy.Editor.dll
Symbol file LoadedFromMemory is not a mono symbol file
Symbol file data-0000027721A59020 doesn't match image C:\Users\Usuario\Documents\CITM\Projects\Unity\Animacio3D\CITM_FIGHTERS_TEMPLATE\Library\ScriptAssemblies\Unity.VisualStudio.Editor.dll
Symbol file LoadedFromMemory is not a mono symbol file
Symbol file data-0000027727DB7D60 doesn't match image C:\Users\Usuario\Documents\CITM\Projects\Unity\Animacio3D\CITM_FIGHTERS_TEMPLATE\Library\ScriptAssemblies\Unity.TextMeshPro.dll
Symbol file LoadedFromMemory is not a mono symbol file
Symbol file data-0000027728A288C0 doesn't match image C:\Users\Usuario\Documents\CITM\Projects\Unity\Animacio3D\CITM_FIGHTERS_TEMPLATE\Library\ScriptAssemblies\UnityEditor.UI.dll
Symbol file LoadedFromMemory is not a mono symbol file
Symbol file data-0000027728A47D30 doesn't match image C:\Users\Usuario\Documents\CITM\Projects\Unity\Animacio3D\CITM_FIGHTERS_TEMPLATE\Library\ScriptAssemblies\Unity.TextMeshPro.Editor.dll
Symbol file LoadedFromMemory is not a mono symbol file
Symbol file data-0000027727752010 doesn't match image C:\Users\Usuario\Documents\CITM\Projects\Unity\Animacio3D\CITM_FIGHTERS_TEMPLATE\Library\ScriptAssemblies\UnityEngine.UI.dll
Symbol file LoadedFromMemory is not a mono symbol file
Symbol file data-00000278BA350050 doesn't match image C:\Users\Usuario\Documents\CITM\Projects\Unity\Animacio3D\CITM_FIGHTERS_TEMPLATE\Library\ScriptAssemblies\Unity.AI.Navigation.Editor.dll
Symbol file LoadedFromMemory is not a mono symbol file
Symbol file data-0000027728B96160 doesn't match image C:\Users\Usuario\Documents\CITM\Projects\Unity\Animacio3D\CITM_FIGHTERS_TEMPLATE\Library\ScriptAssemblies\Unity.Rider.Editor.dll
Symbol file LoadedFromMemory is not a mono symbol file
Symbol file data-00000277283BEB80 doesn't match image C:\Users\Usuario\Documents\CITM\Projects\Unity\Animacio3D\CITM_FIGHTERS_TEMPLATE\Library\ScriptAssemblies\Unity.AI.Navigation.Editor.ConversionSystem.dll
Symbol file LoadedFromMemory is not a mono symbol file
Symbol file data-00000277283BEB80 doesn't match image C:\Users\Usuario\Documents\CITM\Projects\Unity\Animacio3D\CITM_FIGHTERS_TEMPLATE\Library\ScriptAssemblies\Unity.VSCode.Editor.dll
Symbol file LoadedFromMemory is not a mono symbol file
Symbol file data-00000277202415B0 doesn't match image C:\Users\Usuario\Documents\CITM\Projects\Unity\Animacio3D\CITM_FIGHTERS_TEMPLATE\Library\ScriptAssemblies\UnityEditor.TestRunner.dll
Symbol file LoadedFromMemory is not a mono symbol file
- Loaded All Assemblies, in  0.404 seconds
Refreshing native plugins compatible for Editor in 3.34 ms, found 2 plugins.
Native extension for WindowsStandalone target not found
[Package Manager] Server::EnsureServerProcessIsRunning -- launch failed, reason: Unity was launched with the -noUpm command-line argument
[Package Manager] UpmClient::Send -- Unable to send message (not connected to UPM process).
[Package Manager] Cannot connect to Unity Package Manager local server
Mono: successfully reloaded assembly
- Finished resetting the current domain, in  0.774 seconds
Domain Reload Profiling: 1174ms
	BeginReloadAssembly (149ms)
		ExecutionOrderSort (0ms)
		DisableScriptedObjects (4ms)
		BackupInstance (0ms)
		ReleaseScriptingObjects (0ms)
		CreateAndSetChildDomain (28ms)
	RebuildCommonClasses (34ms)
	RebuildNativeTypeToScriptingClass (13ms)
	initialDomainReloadingComplete (32ms)
	LoadAllAssembliesAndSetupDomain (172ms)
		LoadAssemblies (248ms)
		RebuildTransferFunctionScriptingTraits (0ms)
		AnalyzeDomain (7ms)
			TypeCache.Refresh (4ms)
				TypeCache.ScanAssembly (0ms)
			ScanForSourceGeneratedMonoScriptInfo (0ms)
			ResolveRequiredComponents (2ms)
	FinalizeReload (774ms)
		ReleaseScriptCaches (0ms)
		RebuildScriptCaches (0ms)
		SetupLoadedEditorAssemblies (396ms)
			LogAssemblyErrors (0ms)
			InitializePlatformSupportModulesInManaged (7ms)
			SetLoadedEditorAssemblies (3ms)
			RefreshPlugins (0ms)
			BeforeProcessingInitializeOnLoad (53ms)
			ProcessInitializeOnLoadAttributes (304ms)
			ProcessInitializeOnLoadMethodAttributes (19ms)
			AfterProcessingInitializeOnLoad (9ms)
			EditorAssembliesLoaded (0ms)
		ExecutionOrderSort2 (0ms)
		AwakeInstancesAfterBackupRestoration (7ms)
Refreshing native plugins compatible for Editor in 2.80 ms, found 2 plugins.
Preloading 0 native plugins for Editor in 0.00 ms.
Unloading 1890 Unused Serialized files (Serialized files now loaded: 0)
Unloading 29 unused Assets / (1.3 MB). Loaded Objects now: 2452.
Memory consumption went from 121.8 MB to 120.5 MB.
Total: 3.106900 ms (FindLiveObjects: 0.165800 ms CreateObjectMapping: 0.046900 ms MarkObjects: 2.593300 ms  DeleteObjects: 0.299700 ms)

Prepare: number of updated asset objects reloaded= 0
AssetImportParameters requested are different than current active one (requested -> active):
  custom:video-decoder-webm-vp8: 9c59270c3fd7afecdb556c50c9e8de78 -> 
  custom:SearchIndexIgnoredProperties: e643bd26f0fe6173181afceb89e7c659 -> 
  custom:container-demuxer-ogg: 62fdf1f143b41e24485cea50d1cbac27 -> 
  custom:AudioImporter_EditorPlatform: d09bf68614088b80899f8185d706f6e7 -> 
  custom:video-codec-MediaFoundation-h265: 746d11721c4dcdbdad8f713fa42b33f4 -> 
  custom:video-decoder-ogg-theora: a1e56fd34408186e4bbccfd4996cb3dc -> 
  custom:framework-win-MediaFoundation: 216162199b28c13a410421893ffa2e32 -> 
  custom:video-encoder-webm-vp8: eb34c28f22e8b96e1ab97ce403110664 -> 
  custom:audio-decoder-ogg-vorbis: bf7c407c2cedff20999df2af8eb42d56 -> 
  custom:CustomObjectIndexerAttribute: 756ad292c208cfabdd7b50bc23989ffe -> 
  custom:container-demuxer-webm: 4f35f7cbe854078d1ac9338744f61a02 -> 
  custom:audio-encoder-webm-vorbis: bf7c407c2cedff20999df2af8eb42d56 -> 
  custom:container-muxer-webm: aa71ff27fc2769a1b78a27578f13a17b -> 
========================================================================
Received Import Request.
  Time since last request: 45.410680 seconds.
  path: Assets/_prefabs/deadpool.prefab
  artifactKey: Guid(03e44a9a305752c4bbbe54e4fdea2acd) Importer(815301076,1909f56bfc062723c751e8b465ee728b)
Start importing Assets/_prefabs/deadpool.prefab using Guid(03e44a9a305752c4bbbe54e4fdea2acd) Importer(815301076,1909f56bfc062723c751e8b465ee728b)  -> (artifact id: '774127d497fbcdff85348e086016803f') in 0.257366 seconds
Number of updated asset objects reloaded before import = 0
Number of asset objects unloaded after import = 1647
