Using pre-set license
Built from '2022.3/staging' branch; Version is '2022.3.3f1 (7cdc2969a641) revision 8182825'; Using compiler version '192829333'; Build Type 'Release'
OS: 'Windows 11  (10.0.22621) 64bit Education' Language: 'ca' Physical Memory: 16266 MB
BatchMode: 1, IsHumanControllingUs: 0, StartBugReporterOnCrash: 0, Is64bit: 1, IsPro: 1

COMMAND LINE ARGUMENTS:
C:\Program Files\Unity\Hub\Editor\2022.3.3f1\Editor\Unity.exe
-adb2
-batchMode
-noUpm
-name
AssetImportWorker2
-projectPath
C:/Users/saramm3/Documents/GitHub/Animacio3D/CITM_FIGHTERS_TEMPLATE
-logFile
Logs/AssetImportWorker2.log
-srvPort
52360
Successfully changed project path to: C:/Users/saramm3/Documents/GitHub/Animacio3D/CITM_FIGHTERS_TEMPLATE
C:/Users/saramm3/Documents/GitHub/Animacio3D/CITM_FIGHTERS_TEMPLATE
[UnityMemory] Configuration Parameters - Can be set up in boot.config
    "memorysetup-bucket-allocator-granularity=16"
    "memorysetup-bucket-allocator-bucket-count=8"
    "memorysetup-bucket-allocator-block-size=33554432"
    "memorysetup-bucket-allocator-block-count=8"
    "memorysetup-main-allocator-block-size=16777216"
    "memorysetup-thread-allocator-block-size=16777216"
    "memorysetup-gfx-main-allocator-block-size=16777216"
    "memorysetup-gfx-thread-allocator-block-size=16777216"
    "memorysetup-cache-allocator-block-size=4194304"
    "memorysetup-typetree-allocator-block-size=2097152"
    "memorysetup-profiler-bucket-allocator-granularity=16"
    "memorysetup-profiler-bucket-allocator-bucket-count=8"
    "memorysetup-profiler-bucket-allocator-block-size=33554432"
    "memorysetup-profiler-bucket-allocator-block-count=8"
    "memorysetup-profiler-allocator-block-size=16777216"
    "memorysetup-profiler-editor-allocator-block-size=1048576"
    "memorysetup-temp-allocator-size-main=16777216"
    "memorysetup-job-temp-allocator-block-size=2097152"
    "memorysetup-job-temp-allocator-block-size-background=1048576"
    "memorysetup-job-temp-allocator-reduction-small-platforms=262144"
    "memorysetup-allocator-temp-initial-block-size-main=262144"
    "memorysetup-allocator-temp-initial-block-size-worker=262144"
    "memorysetup-temp-allocator-size-background-worker=32768"
    "memorysetup-temp-allocator-size-job-worker=262144"
    "memorysetup-temp-allocator-size-preload-manager=33554432"
    "memorysetup-temp-allocator-size-nav-mesh-worker=65536"
    "memorysetup-temp-allocator-size-audio-worker=65536"
    "memorysetup-temp-allocator-size-cloud-worker=32768"
    "memorysetup-temp-allocator-size-gi-baking-worker=262144"
    "memorysetup-temp-allocator-size-gfx=262144"
Player connection [42464] Host "[IP] 10.0.103.21 [Port] 0 [Flags] 2 [Guid] 428821993 [EditorId] 428821993 [Version] 1048832 [Id] WindowsEditor(7,TR12-103-21) [Debug] 1 [PackageName] WindowsEditor [ProjectName] Editor" joined multi-casting on [225.0.0.222:54997]...

Player connection [42464] Host "[IP] 10.0.103.21 [Port] 0 [Flags] 2 [Guid] 428821993 [EditorId] 428821993 [Version] 1048832 [Id] WindowsEditor(7,TR12-103-21) [Debug] 1 [PackageName] WindowsEditor [ProjectName] Editor" joined alternative multi-casting on [225.0.0.222:34997]...

Refreshing native plugins compatible for Editor in 14.45 ms, found 2 plugins.
Preloading 0 native plugins for Editor in 0.00 ms.
Initialize engine version: 2022.3.3f1 (7cdc2969a641)
[Subsystems] Discovering subsystems at path C:/Program Files/Unity/Hub/Editor/2022.3.3f1/Editor/Data/Resources/UnitySubsystems
[Subsystems] Discovering subsystems at path C:/Users/saramm3/Documents/GitHub/Animacio3D/CITM_FIGHTERS_TEMPLATE/Assets
GfxDevice: creating device client; threaded=0; jobified=0
Direct3D:
    Version:  Direct3D 11.0 [level 11.1]
    Renderer: AMD Radeon (TM) R7 M370 (ID=0x6600)
    Vendor:   ATI
    VRAM:     2028 MB
    Driver:   27.20.20913.2000
Initialize mono
Mono path[0] = 'C:/Program Files/Unity/Hub/Editor/2022.3.3f1/Editor/Data/Managed'
Mono path[1] = 'C:/Program Files/Unity/Hub/Editor/2022.3.3f1/Editor/Data/MonoBleedingEdge/lib/mono/unityjit-win32'
Mono config path = 'C:/Program Files/Unity/Hub/Editor/2022.3.3f1/Editor/Data/MonoBleedingEdge/etc'
Using monoOptions --debugger-agent=transport=dt_socket,embedding=1,server=y,suspend=n,address=127.0.0.1:56536
Begin MonoManager ReloadAssembly
Registering precompiled unity dll's ...
Register platform support module: C:/Program Files/Unity/Hub/Editor/2022.3.3f1/Editor/Data/PlaybackEngines/WebGLSupport/UnityEditor.WebGL.Extensions.dll
Register platform support module: C:/Program Files/Unity/Hub/Editor/2022.3.3f1/Editor/Data/PlaybackEngines/WindowsStandaloneSupport/UnityEditor.WindowsStandalone.Extensions.dll
Registered in 0.017431 seconds.
- Loaded All Assemblies, in  0.867 seconds
Native extension for WindowsStandalone target not found
Native extension for WebGL target not found
Mono: successfully reloaded assembly
- Finished resetting the current domain, in  0.582 seconds
Domain Reload Profiling: 1447ms
	BeginReloadAssembly (230ms)
		ExecutionOrderSort (0ms)
		DisableScriptedObjects (0ms)
		BackupInstance (0ms)
		ReleaseScriptingObjects (0ms)
		CreateAndSetChildDomain (1ms)
	RebuildCommonClasses (97ms)
	RebuildNativeTypeToScriptingClass (32ms)
	initialDomainReloadingComplete (138ms)
	LoadAllAssembliesAndSetupDomain (366ms)
		LoadAssemblies (226ms)
		RebuildTransferFunctionScriptingTraits (0ms)
		AnalyzeDomain (357ms)
			TypeCache.Refresh (355ms)
				TypeCache.ScanAssembly (329ms)
			ScanForSourceGeneratedMonoScriptInfo (1ms)
			ResolveRequiredComponents (1ms)
	FinalizeReload (583ms)
		ReleaseScriptCaches (0ms)
		RebuildScriptCaches (0ms)
		SetupLoadedEditorAssemblies (462ms)
			LogAssemblyErrors (0ms)
			InitializePlatformSupportModulesInManaged (23ms)
			SetLoadedEditorAssemblies (14ms)
			RefreshPlugins (0ms)
			BeforeProcessingInitializeOnLoad (4ms)
			ProcessInitializeOnLoadAttributes (317ms)
			ProcessInitializeOnLoadMethodAttributes (103ms)
			AfterProcessingInitializeOnLoad (0ms)
			EditorAssembliesLoaded (0ms)
		ExecutionOrderSort2 (0ms)
		AwakeInstancesAfterBackupRestoration (0ms)
========================================================================
Worker process is ready to serve import requests
Begin MonoManager ReloadAssembly
- Loaded All Assemblies, in  0.900 seconds
Refreshing native plugins compatible for Editor in 2.09 ms, found 2 plugins.
Native extension for WindowsStandalone target not found
Native extension for WebGL target not found
Package Manager log level set to [2]
[Package Manager] Server::EnsureServerProcessIsRunning -- launch failed, reason: Unity was launched with the -noUpm command-line argument
[Package Manager] UpmClient::Send -- Unable to send message (not connected to UPM process).
[Package Manager] Cannot connect to Unity Package Manager local server
Mono: successfully reloaded assembly
- Finished resetting the current domain, in  0.957 seconds
Domain Reload Profiling: 1854ms
	BeginReloadAssembly (176ms)
		ExecutionOrderSort (0ms)
		DisableScriptedObjects (7ms)
		BackupInstance (0ms)
		ReleaseScriptingObjects (0ms)
		CreateAndSetChildDomain (28ms)
	RebuildCommonClasses (43ms)
	RebuildNativeTypeToScriptingClass (15ms)
	initialDomainReloadingComplete (75ms)
	LoadAllAssembliesAndSetupDomain (588ms)
		LoadAssemblies (311ms)
		RebuildTransferFunctionScriptingTraits (0ms)
		AnalyzeDomain (364ms)
			TypeCache.Refresh (346ms)
				TypeCache.ScanAssembly (332ms)
			ScanForSourceGeneratedMonoScriptInfo (14ms)
			ResolveRequiredComponents (3ms)
	FinalizeReload (957ms)
		ReleaseScriptCaches (0ms)
		RebuildScriptCaches (0ms)
		SetupLoadedEditorAssemblies (709ms)
			LogAssemblyErrors (0ms)
			InitializePlatformSupportModulesInManaged (11ms)
			SetLoadedEditorAssemblies (4ms)
			RefreshPlugins (0ms)
			BeforeProcessingInitializeOnLoad (91ms)
			ProcessInitializeOnLoadAttributes (572ms)
			ProcessInitializeOnLoadMethodAttributes (24ms)
			AfterProcessingInitializeOnLoad (7ms)
			EditorAssembliesLoaded (0ms)
		ExecutionOrderSort2 (0ms)
		AwakeInstancesAfterBackupRestoration (13ms)
Launched and connected shader compiler UnityShaderCompiler.exe after 0.07 seconds
Refreshing native plugins compatible for Editor in 2.06 ms, found 2 plugins.
Preloading 0 native plugins for Editor in 0.00 ms.
Unloading 1923 Unused Serialized files (Serialized files now loaded: 0)
Unloading 41 unused Assets / (1.3 MB). Loaded Objects now: 2399.
Memory consumption went from 110.4 MB to 109.1 MB.
Total: 4.402100 ms (FindLiveObjects: 0.183600 ms CreateObjectMapping: 0.140200 ms MarkObjects: 3.771900 ms  DeleteObjects: 0.305300 ms)

AssetImportParameters requested are different than current active one (requested -> active):
  custom:video-decoder-webm-vp8: 9c59270c3fd7afecdb556c50c9e8de78 -> 
  custom:container-demuxer-ogg: 62fdf1f143b41e24485cea50d1cbac27 -> 
  custom:AudioImporter_EditorPlatform: d09bf68614088b80899f8185d706f6e7 -> 
  custom:video-decoder-ogg-theora: a1e56fd34408186e4bbccfd4996cb3dc -> 
  custom:framework-win-MediaFoundation: 216162199b28c13a410421893ffa2e32 -> 
  custom:video-encoder-webm-vp8: eb34c28f22e8b96e1ab97ce403110664 -> 
  custom:audio-decoder-ogg-vorbis: bf7c407c2cedff20999df2af8eb42d56 -> 
  custom:container-demuxer-webm: 4f35f7cbe854078d1ac9338744f61a02 -> 
  custom:audio-encoder-webm-vorbis: bf7c407c2cedff20999df2af8eb42d56 -> 
  custom:container-muxer-webm: aa71ff27fc2769a1b78a27578f13a17b -> 
========================================================================
Received Import Request.
  Time since last request: 1643657.027013 seconds.
  path: Assets/Deadpool/materials/animRig_Deadpool_GameReady_Default1.mat
  artifactKey: Guid(41e8f2333b35c4040a28b89d189f099b) Importer(815301076,1909f56bfc062723c751e8b465ee728b)
Start importing Assets/Deadpool/materials/animRig_Deadpool_GameReady_Default1.mat using Guid(41e8f2333b35c4040a28b89d189f099b) Importer(815301076,1909f56bfc062723c751e8b465ee728b)  -> (artifact id: '104a02a5b1205e217b844bd071305550') in 0.252235 seconds
Number of updated asset objects reloaded before import = 0
Number of asset objects unloaded after import = 1
========================================================================
Received Import Request.
  Time since last request: 0.000032 seconds.
  path: Assets/Deadpool/materials/animRig_Deadpool_GameReady_Material8.mat
  artifactKey: Guid(33a95f9fcf7932347acd3fc2173d3a16) Importer(815301076,1909f56bfc062723c751e8b465ee728b)
Start importing Assets/Deadpool/materials/animRig_Deadpool_GameReady_Material8.mat using Guid(33a95f9fcf7932347acd3fc2173d3a16) Importer(815301076,1909f56bfc062723c751e8b465ee728b)  -> (artifact id: '98d6f165e8a3e1d09798a7cb8df83491') in 0.031032 seconds
Number of updated asset objects reloaded before import = 0
Number of asset objects unloaded after import = 2
========================================================================
Received Import Request.
  Time since last request: 0.000049 seconds.
  path: Assets/Deadpool/materials/animRig_Deadpool_GameReady_Material6.mat
  artifactKey: Guid(dd614f59ded57124d8570f2d2048ad68) Importer(815301076,1909f56bfc062723c751e8b465ee728b)
Start importing Assets/Deadpool/materials/animRig_Deadpool_GameReady_Material6.mat using Guid(dd614f59ded57124d8570f2d2048ad68) Importer(815301076,1909f56bfc062723c751e8b465ee728b)  -> (artifact id: 'fb0b113817334fa942c9d852c3e61b60') in 0.026333 seconds
Number of updated asset objects reloaded before import = 0
Number of asset objects unloaded after import = 2
========================================================================
Received Import Request.
  Time since last request: 102.167020 seconds.
  path: Assets/Deadpool/textures/CHR_Deadpool_Misc_TEXTSET_Color_NormX.jpg
  artifactKey: Guid(8f56a8d1478513643aec5b8a0e196a0e) Importer(815301076,1909f56bfc062723c751e8b465ee728b)
Start importing Assets/Deadpool/textures/CHR_Deadpool_Misc_TEXTSET_Color_NormX.jpg using Guid(8f56a8d1478513643aec5b8a0e196a0e) Importer(815301076,1909f56bfc062723c751e8b465ee728b)  -> (artifact id: 'adfc4844888cec2ee1b1d5b993a0d02f') in 0.035844 seconds
Number of updated asset objects reloaded before import = 0
Number of asset objects unloaded after import = 2
========================================================================
Received Import Request.
  Time since last request: 0.000019 seconds.
  path: Assets/Deadpool/textures/DPROP_DeadpoolSword_TEXSET_Color_NormX.jpg
  artifactKey: Guid(1c3787f05a1065c4facacbb16e6d32dc) Importer(815301076,1909f56bfc062723c751e8b465ee728b)
Start importing Assets/Deadpool/textures/DPROP_DeadpoolSword_TEXSET_Color_NormX.jpg using Guid(1c3787f05a1065c4facacbb16e6d32dc) Importer(815301076,1909f56bfc062723c751e8b465ee728b)  -> (artifact id: 'c1819e3e77fd04553c8fe108d169dc0f') in 0.019632 seconds
Number of updated asset objects reloaded before import = 0
Number of asset objects unloaded after import = 2
========================================================================
Received Import Request.
  Time since last request: 0.000026 seconds.
  path: Assets/Deadpool/textures/WEP_MP7_TEXTSET_Color_NormX.jpg
  artifactKey: Guid(933c011b40799b141b6ae65f73b2df39) Importer(815301076,1909f56bfc062723c751e8b465ee728b)
Start importing Assets/Deadpool/textures/WEP_MP7_TEXTSET_Color_NormX.jpg using Guid(933c011b40799b141b6ae65f73b2df39) Importer(815301076,1909f56bfc062723c751e8b465ee728b)  -> (artifact id: 'ad22aedc9158573163184f596b641aaf') in 0.019504 seconds
Number of updated asset objects reloaded before import = 0
Number of asset objects unloaded after import = 2
========================================================================
Received Import Request.
  Time since last request: 70.242139 seconds.
  path: Assets/Deadpool/atk_slow_ranged.fbx
  artifactKey: Guid(126ec306262499d46b24e266c798d6e3) Importer(815301076,1909f56bfc062723c751e8b465ee728b)
Start importing Assets/Deadpool/atk_slow_ranged.fbx using Guid(126ec306262499d46b24e266c798d6e3) Importer(815301076,1909f56bfc062723c751e8b465ee728b)  -> (artifact id: 'a26d3d991aaa177c4a490855359531bb') in 0.560431 seconds
Number of updated asset objects reloaded before import = 0
Number of asset objects unloaded after import = 811
========================================================================
Received Import Request.
  Time since last request: 0.000173 seconds.
  path: Assets/Deadpool/idle.fbx
  artifactKey: Guid(6bc7fe2fd86204944a23b57ad2b49835) Importer(815301076,1909f56bfc062723c751e8b465ee728b)
Start importing Assets/Deadpool/idle.fbx using Guid(6bc7fe2fd86204944a23b57ad2b49835) Importer(815301076,1909f56bfc062723c751e8b465ee728b)  -> (artifact id: '5507877173ab453fa14d19ae618c24a6') in 0.467647 seconds
Number of updated asset objects reloaded before import = 0
Number of asset objects unloaded after import = 802
========================================================================
Received Import Request.
  Time since last request: 0.000042 seconds.
  path: Assets/Deadpool/die.fbx
  artifactKey: Guid(4add61134adf0d441b1f12ab6d1d069e) Importer(815301076,1909f56bfc062723c751e8b465ee728b)
Start importing Assets/Deadpool/die.fbx using Guid(4add61134adf0d441b1f12ab6d1d069e) Importer(815301076,1909f56bfc062723c751e8b465ee728b)  -> (artifact id: 'ef90c23db1bb76cf911fb5c47992ae5c') in 0.468489 seconds
Number of updated asset objects reloaded before import = 0
Number of asset objects unloaded after import = 811
========================================================================
Received Import Request.
  Time since last request: 0.000062 seconds.
  path: Assets/Deadpool/walk backwards.fbx
  artifactKey: Guid(5281893fb7da72744814e68f371a2545) Importer(815301076,1909f56bfc062723c751e8b465ee728b)
Start importing Assets/Deadpool/walk backwards.fbx using Guid(5281893fb7da72744814e68f371a2545) Importer(815301076,1909f56bfc062723c751e8b465ee728b)  -> (artifact id: '460d5d7ef565082a42f0b1a58005ace6') in 0.432693 seconds
Number of updated asset objects reloaded before import = 0
Number of asset objects unloaded after import = 802
Editor requested this worker to shutdown with reason: Scaling down because of idle timeout
TcpMessagingSession - receive error: operation aborted. errorcode: 995, details: La operación de E/S se anuló por una salida de subproceso o por una solicitud de aplicación.
AssetImportWorker is now disconnected from the server
Process exiting
Exiting without the bug reporter. Application will terminate with return code 0